#
# A fatal error has been detected by the Java Runtime Environment:
#
#  EXCEPTION_ACCESS_VIOLATION (0xc0000005) at pc=0x00007ffb4bfa7470, pid=1108, tid=21808
#
# JRE version: OpenJDK Runtime Environment (17.0.2+8) (build 17.0.2+8-86)
# Java VM: OpenJDK 64-Bit Server VM (17.0.2+8-86, mixed mode, sharing, tiered, compressed oops, compressed class ptrs, g1 gc, windows-amd64)
# Problematic frame:
# C  [nvoglv64.dll+0x917470]
#
# No core dump will be written. Minidumps are not enabled by default on client versions of Windows
#
# If you would like to submit a bug report, please visit:
#   https://bugreport.java.com/bugreport/crash.jsp
# The crash happened outside the Java Virtual Machine in native code.
# See problematic frame for where to report the bug.
#

---------------  S U M M A R Y ------------

Command Line: -javaagent:C:\Program Files\JetBrains\IntelliJ IDEA Community Edition 2021.2\lib\idea_rt.jar=56876:C:\Program Files\JetBrains\IntelliJ IDEA Community Edition 2021.2\bin -Dfile.encoding=UTF-8 ca.benbingham.game.gameclasses.Main

Host: AMD Ryzen 5 3600 6-Core Processor              , 12 cores, 15G,  Windows 10 , 64 bit Build 19041 (10.0.19041.1566)
Time: Sat Mar 19 16:43:00 2022 Mountain Daylight Time elapsed time: 1.441251 seconds (0d 0h 0m 1s)

---------------  T H R E A D  ---------------

Current thread (0x000001e6cce4e7f0):  JavaThread "main" [_thread_in_native, id=21808, stack(0x0000009da3600000,0x0000009da3700000)]

Stack: [0x0000009da3600000,0x0000009da3700000],  sp=0x0000009da36ff340,  free space=1020k
Native frames: (J=compiled Java code, j=interpreted, Vv=VM code, C=native code)
C  [nvoglv64.dll+0x917470]

Java frames: (J=compiled Java code, j=interpreted, Vv=VM code)
j  org.lwjgl.opengl.GL11C.nglDrawElements(IIIJ)V+0
j  org.lwjgl.opengl.GL11C.glDrawElements(IIIJ)V+4
j  org.lwjgl.opengl.GL11.glDrawElements(IIIJ)V+4
j  ca.benbingham.game.gameclasses.Renderer.renderChunk(Lca/benbingham/game/planetstructure/Chunk;)V+88
j  ca.benbingham.game.gameclasses.Game.start()V+258
j  ca.benbingham.game.gameclasses.Main.main([Ljava/lang/String;)V+9
v  ~StubRoutines::call_stub

siginfo: EXCEPTION_ACCESS_VIOLATION (0xc0000005), reading address 0x0000000000000000


Register to memory mapping:

RIP=0x00007ffb4bfa7470 nvoglv64.dll
RAX=0x0 is NULL
RBX=0x0 is NULL
RCX=0x00000000fffffe81 is an unknown value
RDX=0x000001e6f1403f70 points into unknown readable memory: 0x0000000000000000 | 00 00 00 00 00 00 00 00
RSP=0x0000009da36ff340 is pointing into the stack for thread: 0x000001e6cce4e7f0
RBP=0x000000000000302c is an unknown value
RSI=0x0000000000000c00 is an unknown value
RDI=0x000001e6f2066080 points into unknown readable memory: 0x0000000000000000 | 00 00 00 00 00 00 00 00
R8 =0x0000000000000008 is an unknown value
R9 =0x000001e6f1403f54 points into unknown readable memory: 06 60 81 01
R10=0x000001e6f1403f6c points into unknown readable memory: 00 00 00 00
R11=0x000000000000017f is an unknown value
R12=0x000001e6f1403f70 points into unknown readable memory: 0x0000000000000000 | 00 00 00 00 00 00 00 00
R13=0x0000000000001405 is an unknown value
R14=0x0000000000003000 is an unknown value
R15=0x0 is NULL


Registers:
RAX=0x0000000000000000, RBX=0x0000000000000000, RCX=0x00000000fffffe81, RDX=0x000001e6f1403f70
RSP=0x0000009da36ff340, RBP=0x000000000000302c, RSI=0x0000000000000c00, RDI=0x000001e6f2066080
R8 =0x0000000000000008, R9 =0x000001e6f1403f54, R10=0x000001e6f1403f6c, R11=0x000000000000017f
R12=0x000001e6f1403f70, R13=0x0000000000001405, R14=0x0000000000003000, R15=0x0000000000000000
RIP=0x00007ffb4bfa7470, EFLAGS=0x0000000000010297

Top of Stack: (sp=0x0000009da36ff340)
0x0000009da36ff340:   0000000000000000 0000000000000000
0x0000009da36ff350:   0000000000000000 000001e6f7eb0800
0x0000009da36ff360:   000001e6f1403f08 0000000000000000
0x0000009da36ff370:   0000000000000000 000001e6d46adb03
0x0000009da36ff380:   000001e6f077da48 0000009da36ff410
0x0000009da36ff390:   0000000000000000 0000000000000000
0x0000009da36ff3a0:   000001e6cce4e7f0 000001e6f079ab28
0x0000009da36ff3b0:   0000000000000000 000001e6d46a94fe
0x0000009da36ff3c0:   000001e6f7eb0800 000001e6d46ad621
0x0000009da36ff3d0:   0000009da36ff468 0000009da36ff401
0x0000009da36ff3e0:   0000009da36ff4a8 000001e6f079ab28
0x0000009da36ff3f0:   0000000700001405 0000000000000000
0x0000009da36ff400:   0000000000000000 0000009da36ff430
0x0000009da36ff410:   0000009da36ff4a0 000001e6d46a94fe
0x0000009da36ff420:   0000009da36ff420 0000000000000000
0x0000009da36ff430:   0000009da36ff4a8 000001e6f07a52a8 

Instructions: (pc=0x00007ffb4bfa7470)
0x00007ffb4bfa7370:   90 00 00 00 4c 8b b4 24 a0 00 00 00 48 8b 9c 24
0x00007ffb4bfa7380:   a8 00 00 00 48 83 c4 60 41 5f 41 5d 41 5c 5f 5e
0x00007ffb4bfa7390:   c3 4c 8b 4f 40 8b c3 48 8b 4f 50 49 2b c9 48 c1
0x00007ffb4bfa73a0:   f9 02 85 c9 0f 49 c1 c1 e0 02 3b e8 72 0e 8b d5
0x00007ffb4bfa73b0:   48 8b cf e8 d8 3d 21 00 4c 8b 4f 40 8b c5 45 89
0x00007ffb4bfa73c0:   61 04 c1 e0 0b 83 c8 06 41 89 71 08 41 89 01 45
0x00007ffb4bfa73d0:   89 69 0c 4d 89 79 10 38 9c 24 98 00 00 00 0f 84
0x00007ffb4bfa73e0:   15 01 00 00 4c 8b 57 40 41 8d 4f 0f 83 e1 f0 49
0x00007ffb4bfa73f0:   83 c2 18 41 2b cf 0f 57 db d1 f9 49 8b c7 44 8b
0x00007ffb4bfa7400:   c6 66 0f 7f 5c 24 50 49 8d 52 04 03 ca 49 8d 52
0x00007ffb4bfa7410:   04 f7 d9 83 e1 0f 48 03 d1 4c 8b e2 41 f6 c7 0f
0x00007ffb4bfa7420:   74 1b 45 85 c0 74 16 8b 08 41 ff c8 66 89 0a 0b
0x00007ffb4bfa7430:   d9 48 83 c2 02 48 83 c0 04 a8 0f 75 e5 41 83 f8
0x00007ffb4bfa7440:   08 7e 71 66 0f 6f 25 b5 40 9f 01 41 8d 48 f7 66
0x00007ffb4bfa7450:   0f 6f 2d b9 40 9f 01 c1 e9 03 ff c1 44 8b d9 f7
0x00007ffb4bfa7460:   d9 45 8d 04 c8 66 66 66 0f 1f 84 00 00 00 00 00
0x00007ffb4bfa7470:   f3 0f 6f 10 f3 0f 6f 48 10 66 0f 6f c2 66 0f eb
0x00007ffb4bfa7480:   c3 48 83 c0 20 66 0f 6f d8 66 0f eb d9 0f 18 00
0x00007ffb4bfa7490:   66 0f fe d4 66 0f fe cc 66 0f 6b d1 66 0f fd d5
0x00007ffb4bfa74a0:   f3 0f 7f 12 48 83 c2 10 49 83 eb 01 75 c2 66 0f
0x00007ffb4bfa74b0:   7f 5c 24 50 8b 4c 24 5c 0b 4c 24 58 0b 4c 24 54
0x00007ffb4bfa74c0:   0b 4c 24 50 0b d9 45 85 c0 74 1a 0f 1f 44 00 00
0x00007ffb4bfa74d0:   8b 08 0b d9 66 89 0a 48 8d 52 02 48 8d 40 04 41
0x00007ffb4bfa74e0:   83 e8 01 75 eb 45 2b e2 45 89 22 f7 c3 00 00 ff
0x00007ffb4bfa74f0:   ff 74 46 ff 87 ec ef 55 00 48 8b 5f 40 49 8b d7
0x00007ffb4bfa7500:   4d 63 c6 48 8d 4b 1c e8 c4 39 95 00 c7 43 18 04
0x00007ffb4bfa7510:   00 00 00 48 63 c5 48 83 e0 fc 48 01 47 40 48 8b
0x00007ffb4bfa7520:   47 40 48 3b 47 48 0f 82 40 fe ff ff 48 8b cf e8
0x00007ffb4bfa7530:   8c 38 21 00 e9 33 fe ff ff 41 c7 41 0c 03 14 00
0x00007ffb4bfa7540:   00 41 8b 2a 48 8b 47 40 83 c5 03 8d 6c 75 00 83
0x00007ffb4bfa7550:   e5 fc 83 c5 18 8b cd c1 e1 0b 83 c9 06 89 08 8b
0x00007ffb4bfa7560:   87 ec ef 55 00 85 c0 74 aa ff c8 89 87 ec ef 55 


Stack slot to memory mapping:
stack at sp + 0 slots: 0x0 is NULL
stack at sp + 1 slots: 0x0 is NULL
stack at sp + 2 slots: 0x0 is NULL
stack at sp + 3 slots: 0x000001e6f7eb0800 points into unknown readable memory: 0x000000003f800000 | 00 00 80 3f 00 00 00 00
stack at sp + 4 slots: 0x000001e6f1403f08 points into unknown readable memory: 0x000000003f800000 | 00 00 80 3f 00 00 00 00
stack at sp + 5 slots: 0x0 is NULL
stack at sp + 6 slots: 0x0 is NULL
stack at sp + 7 slots: 0x000001e6d46adb03 is at code_begin+2243 in an Interpreter codelet
method entry point (kind = native)  [0x000001e6d46ad240, 0x000001e6d46adbc0]  2432 bytes


---------------  P R O C E S S  ---------------

Threads class SMR info:
_java_thread_list=0x000001e6f7e2bbd0, length=15, elements={
0x000001e6cce4e7f0, 0x000001e6effe8810, 0x000001e6effeb690, 0x000001e6efffaa20,
0x000001e6efffe400, 0x000001e6f0900080, 0x000001e6f0900940, 0x000001e6f09015e0,
0x000001e6f0905580, 0x000001e6f0906750, 0x000001e6effd2fb0, 0x000001e6f0b23940,
0x000001e6f0b23e10, 0x000001e6f77f9400, 0x000001e6f0c05940
}

Java Threads: ( => current thread )
=>0x000001e6cce4e7f0 JavaThread "main" [_thread_in_native, id=21808, stack(0x0000009da3600000,0x0000009da3700000)]
  0x000001e6effe8810 JavaThread "Reference Handler" daemon [_thread_blocked, id=28520, stack(0x0000009da3d00000,0x0000009da3e00000)]
  0x000001e6effeb690 JavaThread "Finalizer" daemon [_thread_blocked, id=24040, stack(0x0000009da3e00000,0x0000009da3f00000)]
  0x000001e6efffaa20 JavaThread "Signal Dispatcher" daemon [_thread_blocked, id=12364, stack(0x0000009da3f00000,0x0000009da4000000)]
  0x000001e6efffe400 JavaThread "Attach Listener" daemon [_thread_blocked, id=23240, stack(0x0000009da4000000,0x0000009da4100000)]
  0x000001e6f0900080 JavaThread "Service Thread" daemon [_thread_blocked, id=5624, stack(0x0000009da4100000,0x0000009da4200000)]
  0x000001e6f0900940 JavaThread "Monitor Deflation Thread" daemon [_thread_blocked, id=11020, stack(0x0000009da4200000,0x0000009da4300000)]
  0x000001e6f09015e0 JavaThread "C2 CompilerThread0" daemon [_thread_blocked, id=19232, stack(0x0000009da4300000,0x0000009da4400000)]
  0x000001e6f0905580 JavaThread "C1 CompilerThread0" daemon [_thread_blocked, id=21272, stack(0x0000009da4400000,0x0000009da4500000)]
  0x000001e6f0906750 JavaThread "Sweeper thread" daemon [_thread_blocked, id=26580, stack(0x0000009da4500000,0x0000009da4600000)]
  0x000001e6effd2fb0 JavaThread "Common-Cleaner" daemon [_thread_blocked, id=25160, stack(0x0000009da4600000,0x0000009da4700000)]
  0x000001e6f0b23940 JavaThread "Monitor Ctrl-Break" daemon [_thread_in_native, id=1144, stack(0x0000009da4700000,0x0000009da4800000)]
  0x000001e6f0b23e10 JavaThread "Notification Thread" daemon [_thread_blocked, id=20264, stack(0x0000009da4800000,0x0000009da4900000)]
  0x000001e6f77f9400 JavaThread "Thread-0" daemon [_thread_in_native, id=4000, stack(0x0000009da4d00000,0x0000009da4e00000)]
  0x000001e6f0c05940 JavaThread "C2 CompilerThread1" daemon [_thread_blocked, id=8324, stack(0x0000009da5b00000,0x0000009da5c00000)]

Other Threads:
  0x000001e6effe3c10 VMThread "VM Thread" [stack: 0x0000009da3c00000,0x0000009da3d00000] [id=2896]
  0x000001e6cced5e50 WatcherThread [stack: 0x0000009da4900000,0x0000009da4a00000] [id=12756]
  0x000001e6ccea0390 GCTaskThread "GC Thread#0" [stack: 0x0000009da3700000,0x0000009da3800000] [id=25048]
  0x000001e6f7842260 GCTaskThread "GC Thread#1" [stack: 0x0000009da5000000,0x0000009da5100000] [id=23692]
  0x000001e6f7842920 GCTaskThread "GC Thread#2" [stack: 0x0000009da5100000,0x0000009da5200000] [id=20224]
  0x000001e6f7842bd0 GCTaskThread "GC Thread#3" [stack: 0x0000009da5200000,0x0000009da5300000] [id=8460]
  0x000001e6f7844a40 GCTaskThread "GC Thread#4" [stack: 0x0000009da5300000,0x0000009da5400000] [id=6956]
  0x000001e6f784c680 GCTaskThread "GC Thread#5" [stack: 0x0000009da5400000,0x0000009da5500000] [id=26468]
  0x000001e6f7bf2480 GCTaskThread "GC Thread#6" [stack: 0x0000009da5500000,0x0000009da5600000] [id=17620]
  0x000001e6f7bf2730 GCTaskThread "GC Thread#7" [stack: 0x0000009da5600000,0x0000009da5700000] [id=19212]
  0x000001e6f7bfd9a0 GCTaskThread "GC Thread#8" [stack: 0x0000009da5900000,0x0000009da5a00000] [id=26068]
  0x000001e6f7bfdc50 GCTaskThread "GC Thread#9" [stack: 0x0000009da5a00000,0x0000009da5b00000] [id=3828]
  0x000001e6cceb1190 ConcurrentGCThread "G1 Main Marker" [stack: 0x0000009da3800000,0x0000009da3900000] [id=1164]
  0x000001e6cceb2340 ConcurrentGCThread "G1 Conc#0" [stack: 0x0000009da3900000,0x0000009da3a00000] [id=22296]
  0x000001e6f7c055b0 ConcurrentGCThread "G1 Conc#1" [stack: 0x0000009da5700000,0x0000009da5800000] [id=28088]
  0x000001e6f7c18080 ConcurrentGCThread "G1 Conc#2" [stack: 0x0000009da5800000,0x0000009da5900000] [id=9208]
  0x000001e6ccf2d530 ConcurrentGCThread "G1 Refine#0" [stack: 0x0000009da3a00000,0x0000009da3b00000] [id=26592]
  0x000001e6ccf2df50 ConcurrentGCThread "G1 Service" [stack: 0x0000009da3b00000,0x0000009da3c00000] [id=8300]

Threads with active compile tasks:

VM state: not at safepoint (normal execution)

VM Mutex/Monitor currently owned by a thread: None

Heap address: 0x0000000701400000, size: 4076 MB, Compressed Oops mode: Zero based, Oop shift amount: 3

CDS archive(s) mapped at: [0x0000000800000000-0x0000000800bc0000-0x0000000800bc0000), size 12320768, SharedBaseAddress: 0x0000000800000000, ArchiveRelocationMode: 0.
Compressed class space mapped at: 0x0000000800c00000-0x0000000840c00000, reserved size: 1073741824
Narrow klass base: 0x0000000800000000, Narrow klass shift: 0, Narrow klass range: 0x100000000

GC Precious Log:
 CPUs: 12 total, 12 available
 Memory: 16302M
 Large Page Support: Disabled
 NUMA Support: Disabled
 Compressed Oops: Enabled (Zero based)
 Heap Region Size: 2M
 Heap Min Capacity: 8M
 Heap Initial Capacity: 256M
 Heap Max Capacity: 4076M
 Pre-touch: Disabled
 Parallel Workers: 10
 Concurrent Workers: 3
 Concurrent Refinement Workers: 10
 Periodic GC: Disabled

Heap:
 garbage-first heap   total 786432K, used 407490K [0x0000000701400000, 0x0000000800000000)
  region size 2048K, 108 young (221184K), 7 survivors (14336K)
 Metaspace       used 6460K, committed 6720K, reserved 1064960K
  class space    used 330K, committed 448K, reserved 1048576K

Heap Regions: E=young(eden), S=young(survivor), O=old, HS=humongous(starts), HC=humongous(continues), CS=collection set, F=free, OA=open archive, CA=closed archive, TAMS=top-at-mark-start (previous, next)
|   0|0x0000000701400000, 0x0000000701600000, 0x0000000701600000|100%| O|  |TAMS 0x0000000701600000, 0x0000000701400000| Untracked 
|   1|0x0000000701600000, 0x0000000701800000, 0x0000000701800000|100%| O|  |TAMS 0x0000000701800000, 0x0000000701600000| Untracked 
|   2|0x0000000701800000, 0x0000000701a00000, 0x0000000701a00000|100%| O|  |TAMS 0x0000000701a00000, 0x0000000701800000| Untracked 
|   3|0x0000000701a00000, 0x0000000701c00000, 0x0000000701c00000|100%| O|  |TAMS 0x0000000701c00000, 0x0000000701a00000| Untracked 
|   4|0x0000000701c00000, 0x0000000701e00000, 0x0000000701e00000|100%| O|  |TAMS 0x0000000701e00000, 0x0000000701c00000| Untracked 
|   5|0x0000000701e00000, 0x0000000702000000, 0x0000000702000000|100%| O|  |TAMS 0x0000000702000000, 0x0000000701e00000| Untracked 
|   6|0x0000000702000000, 0x0000000702200000, 0x0000000702200000|100%| O|  |TAMS 0x0000000702200000, 0x0000000702000000| Untracked 
|   7|0x0000000702200000, 0x0000000702400000, 0x0000000702400000|100%| O|  |TAMS 0x0000000702400000, 0x0000000702200000| Untracked 
|   8|0x0000000702400000, 0x0000000702600000, 0x0000000702600000|100%| O|  |TAMS 0x0000000702600000, 0x0000000702400000| Untracked 
|   9|0x0000000702600000, 0x0000000702800000, 0x0000000702800000|100%| O|  |TAMS 0x0000000702800000, 0x0000000702600000| Untracked 
|  10|0x0000000702800000, 0x0000000702a00000, 0x0000000702a00000|100%| O|  |TAMS 0x0000000702a00000, 0x0000000702800000| Untracked 
|  11|0x0000000702a00000, 0x0000000702c00000, 0x0000000702c00000|100%| O|  |TAMS 0x0000000702c00000, 0x0000000702a00000| Untracked 
|  12|0x0000000702c00000, 0x0000000702e00000, 0x0000000702e00000|100%| O|  |TAMS 0x0000000702e00000, 0x0000000702c00000| Untracked 
|  13|0x0000000702e00000, 0x0000000703000000, 0x0000000703000000|100%| O|  |TAMS 0x0000000703000000, 0x0000000702e00000| Untracked 
|  14|0x0000000703000000, 0x0000000703200000, 0x0000000703200000|100%| O|  |TAMS 0x0000000703200000, 0x0000000703000000| Untracked 
|  15|0x0000000703200000, 0x0000000703400000, 0x0000000703400000|100%| O|  |TAMS 0x0000000703400000, 0x0000000703200000| Untracked 
|  16|0x0000000703400000, 0x0000000703600000, 0x0000000703600000|100%| O|  |TAMS 0x0000000703600000, 0x0000000703400000| Untracked 
|  17|0x0000000703600000, 0x0000000703800000, 0x0000000703800000|100%| O|  |TAMS 0x0000000703800000, 0x0000000703600000| Untracked 
|  18|0x0000000703800000, 0x0000000703a00000, 0x0000000703a00000|100%| O|  |TAMS 0x0000000703a00000, 0x0000000703800000| Untracked 
|  19|0x0000000703a00000, 0x0000000703c00000, 0x0000000703c00000|100%| O|  |TAMS 0x0000000703c00000, 0x0000000703a00000| Untracked 
|  20|0x0000000703c00000, 0x0000000703e00000, 0x0000000703e00000|100%| O|  |TAMS 0x0000000703e00000, 0x0000000703c00000| Untracked 
|  21|0x0000000703e00000, 0x0000000704000000, 0x0000000704000000|100%| O|  |TAMS 0x0000000704000000, 0x0000000703e00000| Untracked 
|  22|0x0000000704000000, 0x0000000704200000, 0x0000000704200000|100%| O|  |TAMS 0x0000000704200000, 0x0000000704000000| Untracked 
|  23|0x0000000704200000, 0x0000000704400000, 0x0000000704400000|100%| O|  |TAMS 0x0000000704400000, 0x0000000704200000| Untracked 
|  24|0x0000000704400000, 0x0000000704600000, 0x0000000704600000|100%| O|  |TAMS 0x0000000704600000, 0x0000000704400000| Untracked 
|  25|0x0000000704600000, 0x0000000704800000, 0x0000000704800000|100%| O|  |TAMS 0x0000000704800000, 0x0000000704600000| Untracked 
|  26|0x0000000704800000, 0x0000000704a00000, 0x0000000704a00000|100%| O|  |TAMS 0x0000000704a00000, 0x0000000704800000| Untracked 
|  27|0x0000000704a00000, 0x0000000704c00000, 0x0000000704c00000|100%| O|  |TAMS 0x0000000704c00000, 0x0000000704a00000| Untracked 
|  28|0x0000000704c00000, 0x0000000704e00000, 0x0000000704e00000|100%| O|  |TAMS 0x0000000704e00000, 0x0000000704c00000| Untracked 
|  29|0x0000000704e00000, 0x0000000705000000, 0x0000000705000000|100%| O|  |TAMS 0x0000000705000000, 0x0000000704e00000| Untracked 
|  30|0x0000000705000000, 0x0000000705200000, 0x0000000705200000|100%| O|  |TAMS 0x0000000705200000, 0x0000000705000000| Untracked 
|  31|0x0000000705200000, 0x0000000705400000, 0x0000000705400000|100%| O|  |TAMS 0x0000000705400000, 0x0000000705200000| Untracked 
|  32|0x0000000705400000, 0x0000000705600000, 0x0000000705600000|100%| O|  |TAMS 0x0000000705600000, 0x0000000705400000| Untracked 
|  33|0x0000000705600000, 0x0000000705800000, 0x0000000705800000|100%| O|  |TAMS 0x0000000705800000, 0x0000000705600000| Untracked 
|  34|0x0000000705800000, 0x0000000705a00000, 0x0000000705a00000|100%| O|  |TAMS 0x0000000705a00000, 0x0000000705800000| Untracked 
|  35|0x0000000705a00000, 0x0000000705c00000, 0x0000000705c00000|100%| O|  |TAMS 0x0000000705c00000, 0x0000000705a00000| Untracked 
|  36|0x0000000705c00000, 0x0000000705e00000, 0x0000000705e00000|100%| O|  |TAMS 0x0000000705e00000, 0x0000000705c00000| Untracked 
|  37|0x0000000705e00000, 0x0000000706000000, 0x0000000706000000|100%| O|  |TAMS 0x0000000706000000, 0x0000000705e00000| Untracked 
|  38|0x0000000706000000, 0x0000000706200000, 0x0000000706200000|100%| O|  |TAMS 0x0000000706200000, 0x0000000706000000| Untracked 
|  39|0x0000000706200000, 0x0000000706400000, 0x0000000706400000|100%| O|  |TAMS 0x0000000706400000, 0x0000000706200000| Untracked 
|  40|0x0000000706400000, 0x0000000706600000, 0x0000000706600000|100%| O|  |TAMS 0x0000000706600000, 0x0000000706400000| Untracked 
|  41|0x0000000706600000, 0x0000000706800000, 0x0000000706800000|100%| O|  |TAMS 0x0000000706800000, 0x0000000706600000| Untracked 
|  42|0x0000000706800000, 0x0000000706a00000, 0x0000000706a00000|100%| O|  |TAMS 0x0000000706a00000, 0x0000000706800000| Untracked 
|  43|0x0000000706a00000, 0x0000000706c00000, 0x0000000706c00000|100%| O|  |TAMS 0x0000000706c00000, 0x0000000706a00000| Untracked 
|  44|0x0000000706c00000, 0x0000000706e00000, 0x0000000706e00000|100%| O|  |TAMS 0x0000000706e00000, 0x0000000706c00000| Untracked 
|  45|0x0000000706e00000, 0x0000000707000000, 0x0000000707000000|100%| O|  |TAMS 0x0000000707000000, 0x0000000706e00000| Untracked 
|  46|0x0000000707000000, 0x0000000707200000, 0x0000000707200000|100%| O|  |TAMS 0x0000000707200000, 0x0000000707000000| Untracked 
|  47|0x0000000707200000, 0x0000000707400000, 0x0000000707400000|100%| O|  |TAMS 0x0000000707400000, 0x0000000707200000| Untracked 
|  48|0x0000000707400000, 0x0000000707600000, 0x0000000707600000|100%| O|  |TAMS 0x0000000707600000, 0x0000000707400000| Untracked 
|  49|0x0000000707600000, 0x0000000707800000, 0x0000000707800000|100%| O|  |TAMS 0x0000000707800000, 0x0000000707600000| Untracked 
|  50|0x0000000707800000, 0x0000000707a00000, 0x0000000707a00000|100%| O|  |TAMS 0x0000000707a00000, 0x0000000707800000| Untracked 
|  51|0x0000000707a00000, 0x0000000707c00000, 0x0000000707c00000|100%| O|  |TAMS 0x0000000707c00000, 0x0000000707a00000| Untracked 
|  52|0x0000000707c00000, 0x0000000707e00000, 0x0000000707e00000|100%| O|  |TAMS 0x0000000707e00000, 0x0000000707c00000| Untracked 
|  53|0x0000000707e00000, 0x0000000708000000, 0x0000000708000000|100%| O|  |TAMS 0x0000000708000000, 0x0000000707e00000| Untracked 
|  54|0x0000000708000000, 0x0000000708200000, 0x0000000708200000|100%| O|  |TAMS 0x0000000708200000, 0x0000000708000000| Untracked 
|  55|0x0000000708200000, 0x0000000708400000, 0x0000000708400000|100%| O|  |TAMS 0x0000000708400000, 0x0000000708200000| Untracked 
|  56|0x0000000708400000, 0x0000000708600000, 0x0000000708600000|100%| O|  |TAMS 0x0000000708600000, 0x0000000708400000| Untracked 
|  57|0x0000000708600000, 0x0000000708800000, 0x0000000708800000|100%| O|  |TAMS 0x0000000708800000, 0x0000000708600000| Untracked 
|  58|0x0000000708800000, 0x0000000708a00000, 0x0000000708a00000|100%| O|  |TAMS 0x0000000708a00000, 0x0000000708800000| Untracked 
|  59|0x0000000708a00000, 0x0000000708c00000, 0x0000000708c00000|100%| O|  |TAMS 0x0000000708c00000, 0x0000000708a00000| Untracked 
|  60|0x0000000708c00000, 0x0000000708e00000, 0x0000000708e00000|100%| O|  |TAMS 0x0000000708e00000, 0x0000000708c00000| Untracked 
|  61|0x0000000708e00000, 0x0000000709000000, 0x0000000709000000|100%| O|  |TAMS 0x0000000709000000, 0x0000000708e00000| Untracked 
|  62|0x0000000709000000, 0x0000000709200000, 0x0000000709200000|100%| O|  |TAMS 0x0000000709000000, 0x0000000709000000| Untracked 
|  63|0x0000000709200000, 0x0000000709400000, 0x0000000709400000|100%| O|  |TAMS 0x0000000709200000, 0x0000000709200000| Untracked 
|  64|0x0000000709400000, 0x0000000709600000, 0x0000000709600000|100%| O|  |TAMS 0x0000000709400000, 0x0000000709400000| Untracked 
|  65|0x0000000709600000, 0x0000000709800000, 0x0000000709800000|100%| O|  |TAMS 0x0000000709600000, 0x0000000709600000| Untracked 
|  66|0x0000000709800000, 0x0000000709a00000, 0x0000000709a00000|100%| O|  |TAMS 0x0000000709800000, 0x0000000709800000| Untracked 
|  67|0x0000000709a00000, 0x0000000709c00000, 0x0000000709c00000|100%| O|  |TAMS 0x0000000709a00000, 0x0000000709a00000| Untracked 
|  68|0x0000000709c00000, 0x0000000709e00000, 0x0000000709e00000|100%| O|  |TAMS 0x0000000709c00000, 0x0000000709c00000| Untracked 
|  69|0x0000000709e00000, 0x000000070a000000, 0x000000070a000000|100%| O|  |TAMS 0x0000000709e00000, 0x0000000709e00000| Untracked 
|  70|0x000000070a000000, 0x000000070a200000, 0x000000070a200000|100%| O|  |TAMS 0x000000070a000000, 0x000000070a000000| Untracked 
|  71|0x000000070a200000, 0x000000070a400000, 0x000000070a400000|100%| O|  |TAMS 0x000000070a200000, 0x000000070a200000| Untracked 
|  72|0x000000070a400000, 0x000000070a600000, 0x000000070a600000|100%| O|  |TAMS 0x000000070a400000, 0x000000070a400000| Untracked 
|  73|0x000000070a600000, 0x000000070a800000, 0x000000070a800000|100%| O|  |TAMS 0x000000070a600000, 0x000000070a600000| Untracked 
|  74|0x000000070a800000, 0x000000070aa00000, 0x000000070aa00000|100%| O|  |TAMS 0x000000070a800000, 0x000000070a800000| Untracked 
|  75|0x000000070aa00000, 0x000000070ac00000, 0x000000070ac00000|100%| O|  |TAMS 0x000000070aa00000, 0x000000070aa00000| Untracked 
|  76|0x000000070ac00000, 0x000000070ae00000, 0x000000070ae00000|100%| O|  |TAMS 0x000000070ac00000, 0x000000070ac00000| Untracked 
|  77|0x000000070ae00000, 0x000000070b000000, 0x000000070b000000|100%| O|  |TAMS 0x000000070ae00000, 0x000000070ae00000| Untracked 
|  78|0x000000070b000000, 0x000000070b200000, 0x000000070b200000|100%| O|  |TAMS 0x000000070b000000, 0x000000070b000000| Untracked 
|  79|0x000000070b200000, 0x000000070b400000, 0x000000070b400000|100%| O|  |TAMS 0x000000070b200000, 0x000000070b200000| Untracked 
|  80|0x000000070b400000, 0x000000070b600000, 0x000000070b600000|100%| O|  |TAMS 0x000000070b400000, 0x000000070b400000| Untracked 
|  81|0x000000070b600000, 0x000000070b800000, 0x000000070b800000|100%| O|  |TAMS 0x000000070b600000, 0x000000070b600000| Untracked 
|  82|0x000000070b800000, 0x000000070ba00000, 0x000000070ba00000|100%| O|  |TAMS 0x000000070b800000, 0x000000070b800000| Untracked 
|  83|0x000000070ba00000, 0x000000070bc00000, 0x000000070bc00000|100%| O|  |TAMS 0x000000070ba00000, 0x000000070ba00000| Untracked 
|  84|0x000000070bc00000, 0x000000070be00000, 0x000000070be00000|100%| O|  |TAMS 0x000000070bc00000, 0x000000070bc00000| Untracked 
|  85|0x000000070be00000, 0x000000070c000000, 0x000000070c000000|100%| O|  |TAMS 0x000000070be00000, 0x000000070be00000| Untracked 
|  86|0x000000070c000000, 0x000000070c200000, 0x000000070c200000|100%| O|  |TAMS 0x000000070c000000, 0x000000070c000000| Untracked 
|  87|0x000000070c200000, 0x000000070c400000, 0x000000070c400000|100%| O|  |TAMS 0x000000070c200000, 0x000000070c200000| Untracked 
|  88|0x000000070c400000, 0x000000070c600000, 0x000000070c600000|100%| O|  |TAMS 0x000000070c400000, 0x000000070c400000| Untracked 
|  89|0x000000070c600000, 0x000000070c800000, 0x000000070c800000|100%| O|  |TAMS 0x000000070c600000, 0x000000070c600000| Untracked 
|  90|0x000000070c800000, 0x000000070ca00000, 0x000000070ca00000|100%| O|  |TAMS 0x000000070c800000, 0x000000070c800000| Untracked 
|  91|0x000000070ca00000, 0x000000070cc00000, 0x000000070cc00000|100%| O|  |TAMS 0x000000070ca00000, 0x000000070ca00000| Untracked 
|  92|0x000000070cc00000, 0x000000070ccd8c00, 0x000000070ce00000| 42%| O|  |TAMS 0x000000070cc00000, 0x000000070cc00000| Untracked 
|  93|0x000000070ce00000, 0x000000070ce00000, 0x000000070d000000|  0%| F|  |TAMS 0x000000070ce00000, 0x000000070ce00000| Untracked 
|  94|0x000000070d000000, 0x000000070d000000, 0x000000070d200000|  0%| F|  |TAMS 0x000000070d000000, 0x000000070d000000| Untracked 
|  95|0x000000070d200000, 0x000000070d200000, 0x000000070d400000|  0%| F|  |TAMS 0x000000070d200000, 0x000000070d200000| Untracked 
|  96|0x000000070d400000, 0x000000070d400000, 0x000000070d600000|  0%| F|  |TAMS 0x000000070d400000, 0x000000070d400000| Untracked 
|  97|0x000000070d600000, 0x000000070d600000, 0x000000070d800000|  0%| F|  |TAMS 0x000000070d600000, 0x000000070d600000| Untracked 
|  98|0x000000070d800000, 0x000000070d800000, 0x000000070da00000|  0%| F|  |TAMS 0x000000070d800000, 0x000000070d800000| Untracked 
|  99|0x000000070da00000, 0x000000070da00000, 0x000000070dc00000|  0%| F|  |TAMS 0x000000070da00000, 0x000000070da00000| Untracked 
| 100|0x000000070dc00000, 0x000000070dc00000, 0x000000070de00000|  0%| F|  |TAMS 0x000000070dc00000, 0x000000070dc00000| Untracked 
| 101|0x000000070de00000, 0x000000070de00000, 0x000000070e000000|  0%| F|  |TAMS 0x000000070de00000, 0x000000070de00000| Untracked 
| 102|0x000000070e000000, 0x000000070e000000, 0x000000070e200000|  0%| F|  |TAMS 0x000000070e000000, 0x000000070e000000| Untracked 
| 103|0x000000070e200000, 0x000000070e200000, 0x000000070e400000|  0%| F|  |TAMS 0x000000070e200000, 0x000000070e200000| Untracked 
| 104|0x000000070e400000, 0x000000070e400000, 0x000000070e600000|  0%| F|  |TAMS 0x000000070e400000, 0x000000070e400000| Untracked 
| 105|0x000000070e600000, 0x000000070e600000, 0x000000070e800000|  0%| F|  |TAMS 0x000000070e600000, 0x000000070e600000| Untracked 
| 106|0x000000070e800000, 0x000000070e800000, 0x000000070ea00000|  0%| F|  |TAMS 0x000000070e800000, 0x000000070e800000| Untracked 
| 107|0x000000070ea00000, 0x000000070ea00000, 0x000000070ec00000|  0%| F|  |TAMS 0x000000070ea00000, 0x000000070ea00000| Untracked 
| 108|0x000000070ec00000, 0x000000070ec00000, 0x000000070ee00000|  0%| F|  |TAMS 0x000000070ec00000, 0x000000070ec00000| Untracked 
| 109|0x000000070ee00000, 0x000000070ee00000, 0x000000070f000000|  0%| F|  |TAMS 0x000000070ee00000, 0x000000070ee00000| Untracked 
| 110|0x000000070f000000, 0x000000070f000000, 0x000000070f200000|  0%| F|  |TAMS 0x000000070f000000, 0x000000070f000000| Untracked 
| 111|0x000000070f200000, 0x000000070f200000, 0x000000070f400000|  0%| F|  |TAMS 0x000000070f200000, 0x000000070f200000| Untracked 
| 112|0x000000070f400000, 0x000000070f400000, 0x000000070f600000|  0%| F|  |TAMS 0x000000070f400000, 0x000000070f400000| Untracked 
| 113|0x000000070f600000, 0x000000070f600000, 0x000000070f800000|  0%| F|  |TAMS 0x000000070f600000, 0x000000070f600000| Untracked 
| 114|0x000000070f800000, 0x000000070f800000, 0x000000070fa00000|  0%| F|  |TAMS 0x000000070f800000, 0x000000070f800000| Untracked 
| 115|0x000000070fa00000, 0x000000070fa00000, 0x000000070fc00000|  0%| F|  |TAMS 0x000000070fa00000, 0x000000070fa00000| Untracked 
| 116|0x000000070fc00000, 0x000000070fc00000, 0x000000070fe00000|  0%| F|  |TAMS 0x000000070fc00000, 0x000000070fc00000| Untracked 
| 117|0x000000070fe00000, 0x000000070fe00000, 0x0000000710000000|  0%| F|  |TAMS 0x000000070fe00000, 0x000000070fe00000| Untracked 
| 118|0x0000000710000000, 0x0000000710000000, 0x0000000710200000|  0%| F|  |TAMS 0x0000000710000000, 0x0000000710000000| Untracked 
| 119|0x0000000710200000, 0x0000000710200000, 0x0000000710400000|  0%| F|  |TAMS 0x0000000710200000, 0x0000000710200000| Untracked 
| 120|0x0000000710400000, 0x0000000710400000, 0x0000000710600000|  0%| F|  |TAMS 0x0000000710400000, 0x0000000710400000| Untracked 
| 121|0x0000000710600000, 0x0000000710600000, 0x0000000710800000|  0%| F|  |TAMS 0x0000000710600000, 0x0000000710600000| Untracked 
| 122|0x0000000710800000, 0x0000000710800000, 0x0000000710a00000|  0%| F|  |TAMS 0x0000000710800000, 0x0000000710800000| Untracked 
| 123|0x0000000710a00000, 0x0000000710a00000, 0x0000000710c00000|  0%| F|  |TAMS 0x0000000710a00000, 0x0000000710a00000| Untracked 
| 124|0x0000000710c00000, 0x0000000710c00000, 0x0000000710e00000|  0%| F|  |TAMS 0x0000000710c00000, 0x0000000710c00000| Untracked 
| 125|0x0000000710e00000, 0x0000000710e00000, 0x0000000711000000|  0%| F|  |TAMS 0x0000000710e00000, 0x0000000710e00000| Untracked 
| 126|0x0000000711000000, 0x0000000711000000, 0x0000000711200000|  0%| F|  |TAMS 0x0000000711000000, 0x0000000711000000| Untracked 
| 127|0x0000000711200000, 0x0000000711200000, 0x0000000711400000|  0%| F|  |TAMS 0x0000000711200000, 0x0000000711200000| Untracked 
| 128|0x0000000711400000, 0x0000000711400000, 0x0000000711600000|  0%| F|  |TAMS 0x0000000711400000, 0x0000000711400000| Untracked 
| 129|0x0000000711600000, 0x0000000711600000, 0x0000000711800000|  0%| F|  |TAMS 0x0000000711600000, 0x0000000711600000| Untracked 
| 130|0x0000000711800000, 0x0000000711800000, 0x0000000711a00000|  0%| F|  |TAMS 0x0000000711800000, 0x0000000711800000| Untracked 
| 131|0x0000000711a00000, 0x0000000711a00000, 0x0000000711c00000|  0%| F|  |TAMS 0x0000000711a00000, 0x0000000711a00000| Untracked 
| 132|0x0000000711c00000, 0x0000000711c00000, 0x0000000711e00000|  0%| F|  |TAMS 0x0000000711c00000, 0x0000000711c00000| Untracked 
| 133|0x0000000711e00000, 0x0000000711e00000, 0x0000000712000000|  0%| F|  |TAMS 0x0000000711e00000, 0x0000000711e00000| Untracked 
| 134|0x0000000712000000, 0x0000000712000000, 0x0000000712200000|  0%| F|  |TAMS 0x0000000712000000, 0x0000000712000000| Untracked 
| 135|0x0000000712200000, 0x0000000712200000, 0x0000000712400000|  0%| F|  |TAMS 0x0000000712200000, 0x0000000712200000| Untracked 
| 136|0x0000000712400000, 0x0000000712400000, 0x0000000712600000|  0%| F|  |TAMS 0x0000000712400000, 0x0000000712400000| Untracked 
| 137|0x0000000712600000, 0x0000000712600000, 0x0000000712800000|  0%| F|  |TAMS 0x0000000712600000, 0x0000000712600000| Untracked 
| 138|0x0000000712800000, 0x0000000712800000, 0x0000000712a00000|  0%| F|  |TAMS 0x0000000712800000, 0x0000000712800000| Untracked 
| 139|0x0000000712a00000, 0x0000000712a00000, 0x0000000712c00000|  0%| F|  |TAMS 0x0000000712a00000, 0x0000000712a00000| Untracked 
| 140|0x0000000712c00000, 0x0000000712c00000, 0x0000000712e00000|  0%| F|  |TAMS 0x0000000712c00000, 0x0000000712c00000| Untracked 
| 141|0x0000000712e00000, 0x0000000712e00000, 0x0000000713000000|  0%| F|  |TAMS 0x0000000712e00000, 0x0000000712e00000| Untracked 
| 142|0x0000000713000000, 0x0000000713000000, 0x0000000713200000|  0%| F|  |TAMS 0x0000000713000000, 0x0000000713000000| Untracked 
| 143|0x0000000713200000, 0x0000000713200000, 0x0000000713400000|  0%| F|  |TAMS 0x0000000713200000, 0x0000000713200000| Untracked 
| 144|0x0000000713400000, 0x0000000713400000, 0x0000000713600000|  0%| F|  |TAMS 0x0000000713400000, 0x0000000713400000| Untracked 
| 145|0x0000000713600000, 0x0000000713600000, 0x0000000713800000|  0%| F|  |TAMS 0x0000000713600000, 0x0000000713600000| Untracked 
| 146|0x0000000713800000, 0x0000000713800000, 0x0000000713a00000|  0%| F|  |TAMS 0x0000000713800000, 0x0000000713800000| Untracked 
| 147|0x0000000713a00000, 0x0000000713a00000, 0x0000000713c00000|  0%| F|  |TAMS 0x0000000713a00000, 0x0000000713a00000| Untracked 
| 148|0x0000000713c00000, 0x0000000713c00000, 0x0000000713e00000|  0%| F|  |TAMS 0x0000000713c00000, 0x0000000713c00000| Untracked 
| 149|0x0000000713e00000, 0x0000000713e00000, 0x0000000714000000|  0%| F|  |TAMS 0x0000000713e00000, 0x0000000713e00000| Untracked 
| 150|0x0000000714000000, 0x0000000714000000, 0x0000000714200000|  0%| F|  |TAMS 0x0000000714000000, 0x0000000714000000| Untracked 
| 151|0x0000000714200000, 0x0000000714200000, 0x0000000714400000|  0%| F|  |TAMS 0x0000000714200000, 0x0000000714200000| Untracked 
| 152|0x0000000714400000, 0x0000000714400000, 0x0000000714600000|  0%| F|  |TAMS 0x0000000714400000, 0x0000000714400000| Untracked 
| 153|0x0000000714600000, 0x0000000714600000, 0x0000000714800000|  0%| F|  |TAMS 0x0000000714600000, 0x0000000714600000| Untracked 
| 154|0x0000000714800000, 0x0000000714800000, 0x0000000714a00000|  0%| F|  |TAMS 0x0000000714800000, 0x0000000714800000| Untracked 
| 155|0x0000000714a00000, 0x0000000714a00000, 0x0000000714c00000|  0%| F|  |TAMS 0x0000000714a00000, 0x0000000714a00000| Untracked 
| 156|0x0000000714c00000, 0x0000000714c00000, 0x0000000714e00000|  0%| F|  |TAMS 0x0000000714c00000, 0x0000000714c00000| Untracked 
| 157|0x0000000714e00000, 0x0000000714e00000, 0x0000000715000000|  0%| F|  |TAMS 0x0000000714e00000, 0x0000000714e00000| Untracked 
| 158|0x0000000715000000, 0x0000000715000000, 0x0000000715200000|  0%| F|  |TAMS 0x0000000715000000, 0x0000000715000000| Untracked 
| 159|0x0000000715200000, 0x0000000715200000, 0x0000000715400000|  0%| F|  |TAMS 0x0000000715200000, 0x0000000715200000| Untracked 
| 160|0x0000000715400000, 0x0000000715400000, 0x0000000715600000|  0%| F|  |TAMS 0x0000000715400000, 0x0000000715400000| Untracked 
| 161|0x0000000715600000, 0x0000000715600000, 0x0000000715800000|  0%| F|  |TAMS 0x0000000715600000, 0x0000000715600000| Untracked 
| 162|0x0000000715800000, 0x0000000715800000, 0x0000000715a00000|  0%| F|  |TAMS 0x0000000715800000, 0x0000000715800000| Untracked 
| 163|0x0000000715a00000, 0x0000000715a00000, 0x0000000715c00000|  0%| F|  |TAMS 0x0000000715a00000, 0x0000000715a00000| Untracked 
| 164|0x0000000715c00000, 0x0000000715c00000, 0x0000000715e00000|  0%| F|  |TAMS 0x0000000715c00000, 0x0000000715c00000| Untracked 
| 165|0x0000000715e00000, 0x0000000715e00000, 0x0000000716000000|  0%| F|  |TAMS 0x0000000715e00000, 0x0000000715e00000| Untracked 
| 166|0x0000000716000000, 0x0000000716000000, 0x0000000716200000|  0%| F|  |TAMS 0x0000000716000000, 0x0000000716000000| Untracked 
| 167|0x0000000716200000, 0x0000000716200000, 0x0000000716400000|  0%| F|  |TAMS 0x0000000716200000, 0x0000000716200000| Untracked 
| 168|0x0000000716400000, 0x0000000716400000, 0x0000000716600000|  0%| F|  |TAMS 0x0000000716400000, 0x0000000716400000| Untracked 
| 169|0x0000000716600000, 0x0000000716600000, 0x0000000716800000|  0%| F|  |TAMS 0x0000000716600000, 0x0000000716600000| Untracked 
| 170|0x0000000716800000, 0x0000000716800000, 0x0000000716a00000|  0%| F|  |TAMS 0x0000000716800000, 0x0000000716800000| Untracked 
| 171|0x0000000716a00000, 0x0000000716a00000, 0x0000000716c00000|  0%| F|  |TAMS 0x0000000716a00000, 0x0000000716a00000| Untracked 
| 172|0x0000000716c00000, 0x0000000716c00000, 0x0000000716e00000|  0%| F|  |TAMS 0x0000000716c00000, 0x0000000716c00000| Untracked 
| 173|0x0000000716e00000, 0x0000000716e00000, 0x0000000717000000|  0%| F|  |TAMS 0x0000000716e00000, 0x0000000716e00000| Untracked 
| 174|0x0000000717000000, 0x0000000717000000, 0x0000000717200000|  0%| F|  |TAMS 0x0000000717000000, 0x0000000717000000| Untracked 
| 175|0x0000000717200000, 0x0000000717200000, 0x0000000717400000|  0%| F|  |TAMS 0x0000000717200000, 0x0000000717200000| Untracked 
| 176|0x0000000717400000, 0x0000000717400000, 0x0000000717600000|  0%| F|  |TAMS 0x0000000717400000, 0x0000000717400000| Untracked 
| 177|0x0000000717600000, 0x0000000717600000, 0x0000000717800000|  0%| F|  |TAMS 0x0000000717600000, 0x0000000717600000| Untracked 
| 178|0x0000000717800000, 0x0000000717800000, 0x0000000717a00000|  0%| F|  |TAMS 0x0000000717800000, 0x0000000717800000| Untracked 
| 179|0x0000000717a00000, 0x0000000717a00000, 0x0000000717c00000|  0%| F|  |TAMS 0x0000000717a00000, 0x0000000717a00000| Untracked 
| 180|0x0000000717c00000, 0x0000000717c00000, 0x0000000717e00000|  0%| F|  |TAMS 0x0000000717c00000, 0x0000000717c00000| Untracked 
| 181|0x0000000717e00000, 0x0000000717e00000, 0x0000000718000000|  0%| F|  |TAMS 0x0000000717e00000, 0x0000000717e00000| Untracked 
| 182|0x0000000718000000, 0x0000000718000000, 0x0000000718200000|  0%| F|  |TAMS 0x0000000718000000, 0x0000000718000000| Untracked 
| 183|0x0000000718200000, 0x0000000718200000, 0x0000000718400000|  0%| F|  |TAMS 0x0000000718200000, 0x0000000718200000| Untracked 
| 184|0x0000000718400000, 0x0000000718400000, 0x0000000718600000|  0%| F|  |TAMS 0x0000000718400000, 0x0000000718400000| Untracked 
| 185|0x0000000718600000, 0x0000000718600000, 0x0000000718800000|  0%| F|  |TAMS 0x0000000718600000, 0x0000000718600000| Untracked 
| 186|0x0000000718800000, 0x0000000718800000, 0x0000000718a00000|  0%| F|  |TAMS 0x0000000718800000, 0x0000000718800000| Untracked 
| 187|0x0000000718a00000, 0x0000000718a00000, 0x0000000718c00000|  0%| F|  |TAMS 0x0000000718a00000, 0x0000000718a00000| Untracked 
| 188|0x0000000718c00000, 0x0000000718c00000, 0x0000000718e00000|  0%| F|  |TAMS 0x0000000718c00000, 0x0000000718c00000| Untracked 
| 189|0x0000000718e00000, 0x0000000718e00000, 0x0000000719000000|  0%| F|  |TAMS 0x0000000718e00000, 0x0000000718e00000| Untracked 
| 190|0x0000000719000000, 0x0000000719000000, 0x0000000719200000|  0%| F|  |TAMS 0x0000000719000000, 0x0000000719000000| Untracked 
| 191|0x0000000719200000, 0x0000000719200000, 0x0000000719400000|  0%| F|  |TAMS 0x0000000719200000, 0x0000000719200000| Untracked 
| 192|0x0000000719400000, 0x0000000719400000, 0x0000000719600000|  0%| F|  |TAMS 0x0000000719400000, 0x0000000719400000| Untracked 
| 193|0x0000000719600000, 0x0000000719600000, 0x0000000719800000|  0%| F|  |TAMS 0x0000000719600000, 0x0000000719600000| Untracked 
| 194|0x0000000719800000, 0x0000000719800000, 0x0000000719a00000|  0%| F|  |TAMS 0x0000000719800000, 0x0000000719800000| Untracked 
| 195|0x0000000719a00000, 0x0000000719a00000, 0x0000000719c00000|  0%| F|  |TAMS 0x0000000719a00000, 0x0000000719a00000| Untracked 
| 196|0x0000000719c00000, 0x0000000719c00000, 0x0000000719e00000|  0%| F|  |TAMS 0x0000000719c00000, 0x0000000719c00000| Untracked 
| 197|0x0000000719e00000, 0x0000000719e00000, 0x000000071a000000|  0%| F|  |TAMS 0x0000000719e00000, 0x0000000719e00000| Untracked 
| 198|0x000000071a000000, 0x000000071a000000, 0x000000071a200000|  0%| F|  |TAMS 0x000000071a000000, 0x000000071a000000| Untracked 
| 199|0x000000071a200000, 0x000000071a200000, 0x000000071a400000|  0%| F|  |TAMS 0x000000071a200000, 0x000000071a200000| Untracked 
| 200|0x000000071a400000, 0x000000071a400000, 0x000000071a600000|  0%| F|  |TAMS 0x000000071a400000, 0x000000071a400000| Untracked 
| 201|0x000000071a600000, 0x000000071a600000, 0x000000071a800000|  0%| F|  |TAMS 0x000000071a600000, 0x000000071a600000| Untracked 
| 202|0x000000071a800000, 0x000000071a800000, 0x000000071aa00000|  0%| F|  |TAMS 0x000000071a800000, 0x000000071a800000| Untracked 
| 203|0x000000071aa00000, 0x000000071aa00000, 0x000000071ac00000|  0%| F|  |TAMS 0x000000071aa00000, 0x000000071aa00000| Untracked 
| 204|0x000000071ac00000, 0x000000071ad17c80, 0x000000071ae00000| 54%| S|CS|TAMS 0x000000071ac00000, 0x000000071ac00000| Complete 
| 205|0x000000071ae00000, 0x000000071b000000, 0x000000071b000000|100%| S|CS|TAMS 0x000000071ae00000, 0x000000071ae00000| Complete 
| 206|0x000000071b000000, 0x000000071b200000, 0x000000071b200000|100%| S|CS|TAMS 0x000000071b000000, 0x000000071b000000| Complete 
| 207|0x000000071b200000, 0x000000071b400000, 0x000000071b400000|100%| S|CS|TAMS 0x000000071b200000, 0x000000071b200000| Complete 
| 208|0x000000071b400000, 0x000000071b600000, 0x000000071b600000|100%| S|CS|TAMS 0x000000071b400000, 0x000000071b400000| Complete 
| 209|0x000000071b600000, 0x000000071b800000, 0x000000071b800000|100%| S|CS|TAMS 0x000000071b600000, 0x000000071b600000| Complete 
| 210|0x000000071b800000, 0x000000071ba00000, 0x000000071ba00000|100%| S|CS|TAMS 0x000000071b800000, 0x000000071b800000| Complete 
| 211|0x000000071ba00000, 0x000000071ba00000, 0x000000071bc00000|  0%| F|  |TAMS 0x000000071ba00000, 0x000000071ba00000| Untracked 
| 212|0x000000071bc00000, 0x000000071bc00000, 0x000000071be00000|  0%| F|  |TAMS 0x000000071bc00000, 0x000000071bc00000| Untracked 
| 213|0x000000071be00000, 0x000000071be00000, 0x000000071c000000|  0%| F|  |TAMS 0x000000071be00000, 0x000000071be00000| Untracked 
| 214|0x000000071c000000, 0x000000071c000000, 0x000000071c200000|  0%| F|  |TAMS 0x000000071c000000, 0x000000071c000000| Untracked 
| 215|0x000000071c200000, 0x000000071c200000, 0x000000071c400000|  0%| F|  |TAMS 0x000000071c200000, 0x000000071c200000| Untracked 
| 216|0x000000071c400000, 0x000000071c400000, 0x000000071c600000|  0%| F|  |TAMS 0x000000071c400000, 0x000000071c400000| Untracked 
| 217|0x000000071c600000, 0x000000071c600000, 0x000000071c800000|  0%| F|  |TAMS 0x000000071c600000, 0x000000071c600000| Untracked 
| 218|0x000000071c800000, 0x000000071c800000, 0x000000071ca00000|  0%| F|  |TAMS 0x000000071c800000, 0x000000071c800000| Untracked 
| 219|0x000000071ca00000, 0x000000071ca00000, 0x000000071cc00000|  0%| F|  |TAMS 0x000000071ca00000, 0x000000071ca00000| Untracked 
| 220|0x000000071cc00000, 0x000000071cc00000, 0x000000071ce00000|  0%| F|  |TAMS 0x000000071cc00000, 0x000000071cc00000| Untracked 
| 221|0x000000071ce00000, 0x000000071ce00000, 0x000000071d000000|  0%| F|  |TAMS 0x000000071ce00000, 0x000000071ce00000| Untracked 
| 222|0x000000071d000000, 0x000000071d000000, 0x000000071d200000|  0%| F|  |TAMS 0x000000071d000000, 0x000000071d000000| Untracked 
| 223|0x000000071d200000, 0x000000071d200000, 0x000000071d400000|  0%| F|  |TAMS 0x000000071d200000, 0x000000071d200000| Untracked 
| 224|0x000000071d400000, 0x000000071d400000, 0x000000071d600000|  0%| F|  |TAMS 0x000000071d400000, 0x000000071d400000| Untracked 
| 225|0x000000071d600000, 0x000000071d600000, 0x000000071d800000|  0%| F|  |TAMS 0x000000071d600000, 0x000000071d600000| Untracked 
| 226|0x000000071d800000, 0x000000071d800000, 0x000000071da00000|  0%| F|  |TAMS 0x000000071d800000, 0x000000071d800000| Untracked 
| 227|0x000000071da00000, 0x000000071da00000, 0x000000071dc00000|  0%| F|  |TAMS 0x000000071da00000, 0x000000071da00000| Untracked 
| 228|0x000000071dc00000, 0x000000071dc00000, 0x000000071de00000|  0%| F|  |TAMS 0x000000071dc00000, 0x000000071dc00000| Untracked 
| 229|0x000000071de00000, 0x000000071de00000, 0x000000071e000000|  0%| F|  |TAMS 0x000000071de00000, 0x000000071de00000| Untracked 
| 230|0x000000071e000000, 0x000000071e000000, 0x000000071e200000|  0%| F|  |TAMS 0x000000071e000000, 0x000000071e000000| Untracked 
| 231|0x000000071e200000, 0x000000071e200000, 0x000000071e400000|  0%| F|  |TAMS 0x000000071e200000, 0x000000071e200000| Untracked 
| 232|0x000000071e400000, 0x000000071e400000, 0x000000071e600000|  0%| F|  |TAMS 0x000000071e400000, 0x000000071e400000| Untracked 
| 233|0x000000071e600000, 0x000000071e600000, 0x000000071e800000|  0%| F|  |TAMS 0x000000071e600000, 0x000000071e600000| Untracked 
| 234|0x000000071e800000, 0x000000071e800000, 0x000000071ea00000|  0%| F|  |TAMS 0x000000071e800000, 0x000000071e800000| Untracked 
| 235|0x000000071ea00000, 0x000000071ea00000, 0x000000071ec00000|  0%| F|  |TAMS 0x000000071ea00000, 0x000000071ea00000| Untracked 
| 236|0x000000071ec00000, 0x000000071ec00000, 0x000000071ee00000|  0%| F|  |TAMS 0x000000071ec00000, 0x000000071ec00000| Untracked 
| 237|0x000000071ee00000, 0x000000071ee00000, 0x000000071f000000|  0%| F|  |TAMS 0x000000071ee00000, 0x000000071ee00000| Untracked 
| 238|0x000000071f000000, 0x000000071f000000, 0x000000071f200000|  0%| F|  |TAMS 0x000000071f000000, 0x000000071f000000| Untracked 
| 239|0x000000071f200000, 0x000000071f200000, 0x000000071f400000|  0%| F|  |TAMS 0x000000071f200000, 0x000000071f200000| Untracked 
| 240|0x000000071f400000, 0x000000071f400000, 0x000000071f600000|  0%| F|  |TAMS 0x000000071f400000, 0x000000071f400000| Untracked 
| 241|0x000000071f600000, 0x000000071f600000, 0x000000071f800000|  0%| F|  |TAMS 0x000000071f600000, 0x000000071f600000| Untracked 
| 242|0x000000071f800000, 0x000000071f800000, 0x000000071fa00000|  0%| F|  |TAMS 0x000000071f800000, 0x000000071f800000| Untracked 
| 243|0x000000071fa00000, 0x000000071fa00000, 0x000000071fc00000|  0%| F|  |TAMS 0x000000071fa00000, 0x000000071fa00000| Untracked 
| 244|0x000000071fc00000, 0x000000071fc00000, 0x000000071fe00000|  0%| F|  |TAMS 0x000000071fc00000, 0x000000071fc00000| Untracked 
| 245|0x000000071fe00000, 0x000000071fe00000, 0x0000000720000000|  0%| F|  |TAMS 0x000000071fe00000, 0x000000071fe00000| Untracked 
| 246|0x0000000720000000, 0x0000000720000000, 0x0000000720200000|  0%| F|  |TAMS 0x0000000720000000, 0x0000000720000000| Untracked 
| 247|0x0000000720200000, 0x0000000720200000, 0x0000000720400000|  0%| F|  |TAMS 0x0000000720200000, 0x0000000720200000| Untracked 
| 248|0x0000000720400000, 0x0000000720400000, 0x0000000720600000|  0%| F|  |TAMS 0x0000000720400000, 0x0000000720400000| Untracked 
| 249|0x0000000720600000, 0x0000000720600000, 0x0000000720800000|  0%| F|  |TAMS 0x0000000720600000, 0x0000000720600000| Untracked 
| 250|0x0000000720800000, 0x0000000720800000, 0x0000000720a00000|  0%| F|  |TAMS 0x0000000720800000, 0x0000000720800000| Untracked 
| 251|0x0000000720a00000, 0x0000000720a00000, 0x0000000720c00000|  0%| F|  |TAMS 0x0000000720a00000, 0x0000000720a00000| Untracked 
| 252|0x0000000720c00000, 0x0000000720c00000, 0x0000000720e00000|  0%| F|  |TAMS 0x0000000720c00000, 0x0000000720c00000| Untracked 
| 253|0x0000000720e00000, 0x0000000720e00000, 0x0000000721000000|  0%| F|  |TAMS 0x0000000720e00000, 0x0000000720e00000| Untracked 
| 254|0x0000000721000000, 0x0000000721000000, 0x0000000721200000|  0%| F|  |TAMS 0x0000000721000000, 0x0000000721000000| Untracked 
| 255|0x0000000721200000, 0x0000000721200000, 0x0000000721400000|  0%| F|  |TAMS 0x0000000721200000, 0x0000000721200000| Untracked 
| 256|0x0000000721400000, 0x0000000721400000, 0x0000000721600000|  0%| F|  |TAMS 0x0000000721400000, 0x0000000721400000| Untracked 
| 257|0x0000000721600000, 0x0000000721600000, 0x0000000721800000|  0%| F|  |TAMS 0x0000000721600000, 0x0000000721600000| Untracked 
| 258|0x0000000721800000, 0x0000000721800000, 0x0000000721a00000|  0%| F|  |TAMS 0x0000000721800000, 0x0000000721800000| Untracked 
| 259|0x0000000721a00000, 0x0000000721a00000, 0x0000000721c00000|  0%| F|  |TAMS 0x0000000721a00000, 0x0000000721a00000| Untracked 
| 260|0x0000000721c00000, 0x0000000721c00000, 0x0000000721e00000|  0%| F|  |TAMS 0x0000000721c00000, 0x0000000721c00000| Untracked 
| 261|0x0000000721e00000, 0x0000000721e00000, 0x0000000722000000|  0%| F|  |TAMS 0x0000000721e00000, 0x0000000721e00000| Untracked 
| 262|0x0000000722000000, 0x0000000722000000, 0x0000000722200000|  0%| F|  |TAMS 0x0000000722000000, 0x0000000722000000| Untracked 
| 263|0x0000000722200000, 0x0000000722200000, 0x0000000722400000|  0%| F|  |TAMS 0x0000000722200000, 0x0000000722200000| Untracked 
| 264|0x0000000722400000, 0x0000000722400000, 0x0000000722600000|  0%| F|  |TAMS 0x0000000722400000, 0x0000000722400000| Untracked 
| 265|0x0000000722600000, 0x0000000722600000, 0x0000000722800000|  0%| F|  |TAMS 0x0000000722600000, 0x0000000722600000| Untracked 
| 266|0x0000000722800000, 0x0000000722800000, 0x0000000722a00000|  0%| F|  |TAMS 0x0000000722800000, 0x0000000722800000| Untracked 
| 267|0x0000000722a00000, 0x0000000722a00000, 0x0000000722c00000|  0%| F|  |TAMS 0x0000000722a00000, 0x0000000722a00000| Untracked 
| 268|0x0000000722c00000, 0x0000000722c00000, 0x0000000722e00000|  0%| F|  |TAMS 0x0000000722c00000, 0x0000000722c00000| Untracked 
| 269|0x0000000722e00000, 0x0000000722e00000, 0x0000000723000000|  0%| F|  |TAMS 0x0000000722e00000, 0x0000000722e00000| Untracked 
| 270|0x0000000723000000, 0x0000000723000000, 0x0000000723200000|  0%| F|  |TAMS 0x0000000723000000, 0x0000000723000000| Untracked 
| 271|0x0000000723200000, 0x0000000723200000, 0x0000000723400000|  0%| F|  |TAMS 0x0000000723200000, 0x0000000723200000| Untracked 
| 272|0x0000000723400000, 0x0000000723400000, 0x0000000723600000|  0%| F|  |TAMS 0x0000000723400000, 0x0000000723400000| Untracked 
| 273|0x0000000723600000, 0x0000000723600000, 0x0000000723800000|  0%| F|  |TAMS 0x0000000723600000, 0x0000000723600000| Untracked 
| 274|0x0000000723800000, 0x0000000723800000, 0x0000000723a00000|  0%| F|  |TAMS 0x0000000723800000, 0x0000000723800000| Untracked 
| 275|0x0000000723a00000, 0x0000000723a00000, 0x0000000723c00000|  0%| F|  |TAMS 0x0000000723a00000, 0x0000000723a00000| Untracked 
| 276|0x0000000723c00000, 0x0000000723c00000, 0x0000000723e00000|  0%| F|  |TAMS 0x0000000723c00000, 0x0000000723c00000| Untracked 
| 277|0x0000000723e00000, 0x0000000723e00000, 0x0000000724000000|  0%| F|  |TAMS 0x0000000723e00000, 0x0000000723e00000| Untracked 
| 278|0x0000000724000000, 0x0000000724000000, 0x0000000724200000|  0%| F|  |TAMS 0x0000000724000000, 0x0000000724000000| Untracked 
| 279|0x0000000724200000, 0x0000000724200000, 0x0000000724400000|  0%| F|  |TAMS 0x0000000724200000, 0x0000000724200000| Untracked 
| 280|0x0000000724400000, 0x0000000724400000, 0x0000000724600000|  0%| F|  |TAMS 0x0000000724400000, 0x0000000724400000| Untracked 
| 281|0x0000000724600000, 0x0000000724600000, 0x0000000724800000|  0%| F|  |TAMS 0x0000000724600000, 0x0000000724600000| Untracked 
| 282|0x0000000724800000, 0x0000000724800000, 0x0000000724a00000|  0%| F|  |TAMS 0x0000000724800000, 0x0000000724800000| Untracked 
| 283|0x0000000724a00000, 0x0000000724c00000, 0x0000000724c00000|100%| E|  |TAMS 0x0000000724a00000, 0x0000000724a00000| Complete 
| 284|0x0000000724c00000, 0x0000000724e00000, 0x0000000724e00000|100%| E|CS|TAMS 0x0000000724c00000, 0x0000000724c00000| Complete 
| 285|0x0000000724e00000, 0x0000000725000000, 0x0000000725000000|100%| E|CS|TAMS 0x0000000724e00000, 0x0000000724e00000| Complete 
| 286|0x0000000725000000, 0x0000000725200000, 0x0000000725200000|100%| E|CS|TAMS 0x0000000725000000, 0x0000000725000000| Complete 
| 287|0x0000000725200000, 0x0000000725400000, 0x0000000725400000|100%| E|CS|TAMS 0x0000000725200000, 0x0000000725200000| Complete 
| 288|0x0000000725400000, 0x0000000725600000, 0x0000000725600000|100%| E|CS|TAMS 0x0000000725400000, 0x0000000725400000| Complete 
| 289|0x0000000725600000, 0x0000000725800000, 0x0000000725800000|100%| E|CS|TAMS 0x0000000725600000, 0x0000000725600000| Complete 
| 290|0x0000000725800000, 0x0000000725a00000, 0x0000000725a00000|100%| E|CS|TAMS 0x0000000725800000, 0x0000000725800000| Complete 
| 291|0x0000000725a00000, 0x0000000725c00000, 0x0000000725c00000|100%| E|CS|TAMS 0x0000000725a00000, 0x0000000725a00000| Complete 
| 292|0x0000000725c00000, 0x0000000725e00000, 0x0000000725e00000|100%| E|CS|TAMS 0x0000000725c00000, 0x0000000725c00000| Complete 
| 293|0x0000000725e00000, 0x0000000726000000, 0x0000000726000000|100%| E|CS|TAMS 0x0000000725e00000, 0x0000000725e00000| Complete 
| 294|0x0000000726000000, 0x0000000726200000, 0x0000000726200000|100%| E|CS|TAMS 0x0000000726000000, 0x0000000726000000| Complete 
| 295|0x0000000726200000, 0x0000000726400000, 0x0000000726400000|100%| E|CS|TAMS 0x0000000726200000, 0x0000000726200000| Complete 
| 296|0x0000000726400000, 0x0000000726600000, 0x0000000726600000|100%| E|CS|TAMS 0x0000000726400000, 0x0000000726400000| Complete 
| 297|0x0000000726600000, 0x0000000726800000, 0x0000000726800000|100%| E|CS|TAMS 0x0000000726600000, 0x0000000726600000| Complete 
| 298|0x0000000726800000, 0x0000000726a00000, 0x0000000726a00000|100%| E|CS|TAMS 0x0000000726800000, 0x0000000726800000| Complete 
| 299|0x0000000726a00000, 0x0000000726c00000, 0x0000000726c00000|100%| E|CS|TAMS 0x0000000726a00000, 0x0000000726a00000| Complete 
| 300|0x0000000726c00000, 0x0000000726e00000, 0x0000000726e00000|100%| E|CS|TAMS 0x0000000726c00000, 0x0000000726c00000| Complete 
| 301|0x0000000726e00000, 0x0000000727000000, 0x0000000727000000|100%| E|CS|TAMS 0x0000000726e00000, 0x0000000726e00000| Complete 
| 302|0x0000000727000000, 0x0000000727200000, 0x0000000727200000|100%| E|CS|TAMS 0x0000000727000000, 0x0000000727000000| Complete 
| 303|0x0000000727200000, 0x0000000727400000, 0x0000000727400000|100%| E|CS|TAMS 0x0000000727200000, 0x0000000727200000| Complete 
| 304|0x0000000727400000, 0x0000000727600000, 0x0000000727600000|100%| E|CS|TAMS 0x0000000727400000, 0x0000000727400000| Complete 
| 305|0x0000000727600000, 0x0000000727800000, 0x0000000727800000|100%| E|CS|TAMS 0x0000000727600000, 0x0000000727600000| Complete 
| 306|0x0000000727800000, 0x0000000727a00000, 0x0000000727a00000|100%| E|CS|TAMS 0x0000000727800000, 0x0000000727800000| Complete 
| 307|0x0000000727a00000, 0x0000000727c00000, 0x0000000727c00000|100%| E|CS|TAMS 0x0000000727a00000, 0x0000000727a00000| Complete 
| 308|0x0000000727c00000, 0x0000000727e00000, 0x0000000727e00000|100%| E|CS|TAMS 0x0000000727c00000, 0x0000000727c00000| Complete 
| 309|0x0000000727e00000, 0x0000000728000000, 0x0000000728000000|100%| E|CS|TAMS 0x0000000727e00000, 0x0000000727e00000| Complete 
| 310|0x0000000728000000, 0x0000000728200000, 0x0000000728200000|100%| E|CS|TAMS 0x0000000728000000, 0x0000000728000000| Complete 
| 311|0x0000000728200000, 0x0000000728400000, 0x0000000728400000|100%| E|CS|TAMS 0x0000000728200000, 0x0000000728200000| Complete 
| 312|0x0000000728400000, 0x0000000728600000, 0x0000000728600000|100%| E|CS|TAMS 0x0000000728400000, 0x0000000728400000| Complete 
| 313|0x0000000728600000, 0x0000000728800000, 0x0000000728800000|100%| E|CS|TAMS 0x0000000728600000, 0x0000000728600000| Complete 
| 314|0x0000000728800000, 0x0000000728a00000, 0x0000000728a00000|100%| E|CS|TAMS 0x0000000728800000, 0x0000000728800000| Complete 
| 315|0x0000000728a00000, 0x0000000728c00000, 0x0000000728c00000|100%| E|CS|TAMS 0x0000000728a00000, 0x0000000728a00000| Complete 
| 316|0x0000000728c00000, 0x0000000728e00000, 0x0000000728e00000|100%| E|CS|TAMS 0x0000000728c00000, 0x0000000728c00000| Complete 
| 317|0x0000000728e00000, 0x0000000729000000, 0x0000000729000000|100%| E|CS|TAMS 0x0000000728e00000, 0x0000000728e00000| Complete 
| 318|0x0000000729000000, 0x0000000729200000, 0x0000000729200000|100%| E|CS|TAMS 0x0000000729000000, 0x0000000729000000| Complete 
| 319|0x0000000729200000, 0x0000000729400000, 0x0000000729400000|100%| E|CS|TAMS 0x0000000729200000, 0x0000000729200000| Complete 
| 320|0x0000000729400000, 0x0000000729600000, 0x0000000729600000|100%| E|CS|TAMS 0x0000000729400000, 0x0000000729400000| Complete 
| 321|0x0000000729600000, 0x0000000729800000, 0x0000000729800000|100%| E|CS|TAMS 0x0000000729600000, 0x0000000729600000| Complete 
| 322|0x0000000729800000, 0x0000000729a00000, 0x0000000729a00000|100%| E|CS|TAMS 0x0000000729800000, 0x0000000729800000| Complete 
| 323|0x0000000729a00000, 0x0000000729c00000, 0x0000000729c00000|100%| E|CS|TAMS 0x0000000729a00000, 0x0000000729a00000| Complete 
| 324|0x0000000729c00000, 0x0000000729e00000, 0x0000000729e00000|100%| E|CS|TAMS 0x0000000729c00000, 0x0000000729c00000| Complete 
| 325|0x0000000729e00000, 0x000000072a000000, 0x000000072a000000|100%| E|CS|TAMS 0x0000000729e00000, 0x0000000729e00000| Complete 
| 326|0x000000072a000000, 0x000000072a200000, 0x000000072a200000|100%| E|CS|TAMS 0x000000072a000000, 0x000000072a000000| Complete 
| 327|0x000000072a200000, 0x000000072a400000, 0x000000072a400000|100%| E|CS|TAMS 0x000000072a200000, 0x000000072a200000| Complete 
| 328|0x000000072a400000, 0x000000072a600000, 0x000000072a600000|100%| E|CS|TAMS 0x000000072a400000, 0x000000072a400000| Complete 
| 329|0x000000072a600000, 0x000000072a800000, 0x000000072a800000|100%| E|CS|TAMS 0x000000072a600000, 0x000000072a600000| Complete 
| 330|0x000000072a800000, 0x000000072aa00000, 0x000000072aa00000|100%| E|CS|TAMS 0x000000072a800000, 0x000000072a800000| Complete 
| 331|0x000000072aa00000, 0x000000072ac00000, 0x000000072ac00000|100%| E|CS|TAMS 0x000000072aa00000, 0x000000072aa00000| Complete 
| 332|0x000000072ac00000, 0x000000072ae00000, 0x000000072ae00000|100%| E|CS|TAMS 0x000000072ac00000, 0x000000072ac00000| Complete 
| 333|0x000000072ae00000, 0x000000072b000000, 0x000000072b000000|100%| E|CS|TAMS 0x000000072ae00000, 0x000000072ae00000| Complete 
| 334|0x000000072b000000, 0x000000072b200000, 0x000000072b200000|100%| E|CS|TAMS 0x000000072b000000, 0x000000072b000000| Complete 
| 335|0x000000072b200000, 0x000000072b400000, 0x000000072b400000|100%| E|CS|TAMS 0x000000072b200000, 0x000000072b200000| Complete 
| 336|0x000000072b400000, 0x000000072b600000, 0x000000072b600000|100%| E|CS|TAMS 0x000000072b400000, 0x000000072b400000| Complete 
| 337|0x000000072b600000, 0x000000072b800000, 0x000000072b800000|100%| E|CS|TAMS 0x000000072b600000, 0x000000072b600000| Complete 
| 338|0x000000072b800000, 0x000000072ba00000, 0x000000072ba00000|100%| E|CS|TAMS 0x000000072b800000, 0x000000072b800000| Complete 
| 339|0x000000072ba00000, 0x000000072bc00000, 0x000000072bc00000|100%| E|CS|TAMS 0x000000072ba00000, 0x000000072ba00000| Complete 
| 340|0x000000072bc00000, 0x000000072be00000, 0x000000072be00000|100%| E|CS|TAMS 0x000000072bc00000, 0x000000072bc00000| Complete 
| 341|0x000000072be00000, 0x000000072c000000, 0x000000072c000000|100%| E|CS|TAMS 0x000000072be00000, 0x000000072be00000| Complete 
| 342|0x000000072c000000, 0x000000072c200000, 0x000000072c200000|100%| E|CS|TAMS 0x000000072c000000, 0x000000072c000000| Complete 
| 343|0x000000072c200000, 0x000000072c400000, 0x000000072c400000|100%| E|CS|TAMS 0x000000072c200000, 0x000000072c200000| Complete 
| 344|0x000000072c400000, 0x000000072c600000, 0x000000072c600000|100%| E|CS|TAMS 0x000000072c400000, 0x000000072c400000| Complete 
| 345|0x000000072c600000, 0x000000072c800000, 0x000000072c800000|100%| E|CS|TAMS 0x000000072c600000, 0x000000072c600000| Complete 
| 346|0x000000072c800000, 0x000000072ca00000, 0x000000072ca00000|100%| E|CS|TAMS 0x000000072c800000, 0x000000072c800000| Complete 
| 347|0x000000072ca00000, 0x000000072cc00000, 0x000000072cc00000|100%| E|CS|TAMS 0x000000072ca00000, 0x000000072ca00000| Complete 
| 348|0x000000072cc00000, 0x000000072ce00000, 0x000000072ce00000|100%| E|CS|TAMS 0x000000072cc00000, 0x000000072cc00000| Complete 
| 349|0x000000072ce00000, 0x000000072d000000, 0x000000072d000000|100%| E|CS|TAMS 0x000000072ce00000, 0x000000072ce00000| Complete 
| 350|0x000000072d000000, 0x000000072d200000, 0x000000072d200000|100%| E|CS|TAMS 0x000000072d000000, 0x000000072d000000| Complete 
| 351|0x000000072d200000, 0x000000072d400000, 0x000000072d400000|100%| E|CS|TAMS 0x000000072d200000, 0x000000072d200000| Complete 
| 352|0x000000072d400000, 0x000000072d600000, 0x000000072d600000|100%| E|CS|TAMS 0x000000072d400000, 0x000000072d400000| Complete 
| 353|0x000000072d600000, 0x000000072d800000, 0x000000072d800000|100%| E|CS|TAMS 0x000000072d600000, 0x000000072d600000| Complete 
| 354|0x000000072d800000, 0x000000072da00000, 0x000000072da00000|100%| E|CS|TAMS 0x000000072d800000, 0x000000072d800000| Complete 
| 355|0x000000072da00000, 0x000000072dc00000, 0x000000072dc00000|100%| E|CS|TAMS 0x000000072da00000, 0x000000072da00000| Complete 
| 356|0x000000072dc00000, 0x000000072de00000, 0x000000072de00000|100%| E|CS|TAMS 0x000000072dc00000, 0x000000072dc00000| Complete 
| 357|0x000000072de00000, 0x000000072e000000, 0x000000072e000000|100%| E|CS|TAMS 0x000000072de00000, 0x000000072de00000| Complete 
| 358|0x000000072e000000, 0x000000072e200000, 0x000000072e200000|100%| E|CS|TAMS 0x000000072e000000, 0x000000072e000000| Complete 
| 359|0x000000072e200000, 0x000000072e400000, 0x000000072e400000|100%| E|CS|TAMS 0x000000072e200000, 0x000000072e200000| Complete 
| 360|0x000000072e400000, 0x000000072e600000, 0x000000072e600000|100%| E|CS|TAMS 0x000000072e400000, 0x000000072e400000| Complete 
| 361|0x000000072e600000, 0x000000072e800000, 0x000000072e800000|100%| E|CS|TAMS 0x000000072e600000, 0x000000072e600000| Complete 
| 362|0x000000072e800000, 0x000000072ea00000, 0x000000072ea00000|100%| E|CS|TAMS 0x000000072e800000, 0x000000072e800000| Complete 
| 363|0x000000072ea00000, 0x000000072ec00000, 0x000000072ec00000|100%| E|CS|TAMS 0x000000072ea00000, 0x000000072ea00000| Complete 
| 364|0x000000072ec00000, 0x000000072ee00000, 0x000000072ee00000|100%| E|CS|TAMS 0x000000072ec00000, 0x000000072ec00000| Complete 
| 365|0x000000072ee00000, 0x000000072f000000, 0x000000072f000000|100%| E|CS|TAMS 0x000000072ee00000, 0x000000072ee00000| Complete 
| 366|0x000000072f000000, 0x000000072f200000, 0x000000072f200000|100%| E|CS|TAMS 0x000000072f000000, 0x000000072f000000| Complete 
| 367|0x000000072f200000, 0x000000072f400000, 0x000000072f400000|100%| E|CS|TAMS 0x000000072f200000, 0x000000072f200000| Complete 
| 368|0x000000072f400000, 0x000000072f600000, 0x000000072f600000|100%| E|CS|TAMS 0x000000072f400000, 0x000000072f400000| Complete 
| 369|0x000000072f600000, 0x000000072f800000, 0x000000072f800000|100%| E|CS|TAMS 0x000000072f600000, 0x000000072f600000| Complete 
| 370|0x000000072f800000, 0x000000072fa00000, 0x000000072fa00000|100%| E|CS|TAMS 0x000000072f800000, 0x000000072f800000| Complete 
| 371|0x000000072fa00000, 0x000000072fc00000, 0x000000072fc00000|100%| E|CS|TAMS 0x000000072fa00000, 0x000000072fa00000| Complete 
| 372|0x000000072fc00000, 0x000000072fe00000, 0x000000072fe00000|100%| E|CS|TAMS 0x000000072fc00000, 0x000000072fc00000| Complete 
| 373|0x000000072fe00000, 0x0000000730000000, 0x0000000730000000|100%| E|CS|TAMS 0x000000072fe00000, 0x000000072fe00000| Complete 
| 374|0x0000000730000000, 0x0000000730200000, 0x0000000730200000|100%| E|CS|TAMS 0x0000000730000000, 0x0000000730000000| Complete 
| 375|0x0000000730200000, 0x0000000730400000, 0x0000000730400000|100%| E|CS|TAMS 0x0000000730200000, 0x0000000730200000| Complete 
| 376|0x0000000730400000, 0x0000000730600000, 0x0000000730600000|100%| E|CS|TAMS 0x0000000730400000, 0x0000000730400000| Complete 
| 377|0x0000000730600000, 0x0000000730800000, 0x0000000730800000|100%| E|CS|TAMS 0x0000000730600000, 0x0000000730600000| Complete 
| 378|0x0000000730800000, 0x0000000730a00000, 0x0000000730a00000|100%| E|CS|TAMS 0x0000000730800000, 0x0000000730800000| Complete 
| 379|0x0000000730a00000, 0x0000000730c00000, 0x0000000730c00000|100%| E|CS|TAMS 0x0000000730a00000, 0x0000000730a00000| Complete 
| 380|0x0000000730c00000, 0x0000000730e00000, 0x0000000730e00000|100%| E|CS|TAMS 0x0000000730c00000, 0x0000000730c00000| Complete 
| 381|0x0000000730e00000, 0x0000000731000000, 0x0000000731000000|100%| E|CS|TAMS 0x0000000730e00000, 0x0000000730e00000| Complete 
| 382|0x0000000731000000, 0x0000000731200000, 0x0000000731200000|100%| E|CS|TAMS 0x0000000731000000, 0x0000000731000000| Complete 
| 383|0x0000000731200000, 0x0000000731400000, 0x0000000731400000|100%| E|CS|TAMS 0x0000000731200000, 0x0000000731200000| Complete 

Card table byte_map: [0x000001e6e43f0000,0x000001e6e4bf0000] _byte_map_base: 0x000001e6e0be6000

Marking Bits (Prev, Next): (CMBitMap*) 0x000001e6ccea09e0, (CMBitMap*) 0x000001e6ccea09a0
 Prev Bits: [0x000001e6e93a0000, 0x000001e6ed350000)
 Next Bits: [0x000001e6e53f0000, 0x000001e6e93a0000)

Polling page: 0x000001e6cae60000

Metaspace:

Usage:
  Non-class:      5.99 MB used.
      Class:    330.99 KB used.
       Both:      6.31 MB used.

Virtual space:
  Non-class space:       16.00 MB reserved,       6.12 MB ( 38%) committed,  2 nodes.
      Class space:        1.00 GB reserved,     448.00 KB ( <1%) committed,  1 nodes.
             Both:        1.02 GB reserved,       6.56 MB ( <1%) committed. 

Chunk freelists:
   Non-Class:  3.67 MB
       Class:  3.55 MB
        Both:  7.22 MB

MaxMetaspaceSize: unlimited
CompressedClassSpaceSize: 1.00 GB
Initial GC threshold: 21.00 MB
Current GC threshold: 21.00 MB
CDS: on
MetaspaceReclaimPolicy: balanced
 - commit_granule_bytes: 65536.
 - commit_granule_words: 8192.
 - virtual_space_node_default_size: 1048576.
 - enlarge_chunks_in_place: 1.
 - new_chunks_are_fully_committed: 0.
 - uncommit_free_chunks: 1.
 - use_allocation_guard: 0.
 - handle_deallocations: 1.


Internal statistics:

num_allocs_failed_limit: 0.
num_arena_births: 70.
num_arena_deaths: 0.
num_vsnodes_births: 3.
num_vsnodes_deaths: 0.
num_space_committed: 103.
num_space_uncommitted: 0.
num_chunks_returned_to_freelist: 0.
num_chunks_taken_from_freelist: 253.
num_chunk_merges: 0.
num_chunk_splits: 186.
num_chunks_enlarged: 143.
num_purges: 0.
num_inconsistent_stats: 0.

CodeHeap 'non-profiled nmethods': size=120000Kb used=293Kb max_used=293Kb free=119706Kb
 bounds [0x000001e6dc170000, 0x000001e6dc3e0000, 0x000001e6e36a0000]
CodeHeap 'profiled nmethods': size=120000Kb used=1339Kb max_used=1339Kb free=118661Kb
 bounds [0x000001e6d4c40000, 0x000001e6d4eb0000, 0x000001e6dc170000]
CodeHeap 'non-nmethods': size=5760Kb used=1642Kb max_used=1675Kb free=4117Kb
 bounds [0x000001e6d46a0000, 0x000001e6d4910000, 0x000001e6d4c40000]
 total_blobs=1955 nmethods=870 adapters=998
 compilation: enabled
              stopped_count=0, restarted_count=0
 full_count=0

Compilation events (20 events):
Event: 1.382 Thread 0x000001e6f0905580  861       3       java.io.BufferedOutputStream::flushBuffer (29 bytes)
Event: 1.382 Thread 0x000001e6f0905580 nmethod 861 0x000001e6d4d8af10 code [0x000001e6d4d8b0c0, 0x000001e6d4d8b308]
Event: 1.382 Thread 0x000001e6f0905580  862       3       java.nio.ByteBuffer::clear (7 bytes)
Event: 1.382 Thread 0x000001e6f0905580 nmethod 862 0x000001e6d4d8b410 code [0x000001e6d4d8b5a0, 0x000001e6d4d8b718]
Event: 1.383 Thread 0x000001e6f0905580  863       3       sun.nio.cs.StreamEncoder::ensureOpen (18 bytes)
Event: 1.383 Thread 0x000001e6f0905580 nmethod 863 0x000001e6d4d8b810 code [0x000001e6d4d8b9c0, 0x000001e6d4d8bbc8]
Event: 1.383 Thread 0x000001e6f0905580  866       3       java.nio.CharBuffer::array (35 bytes)
Event: 1.383 Thread 0x000001e6f0905580 nmethod 866 0x000001e6d4d8bc90 code [0x000001e6d4d8be60, 0x000001e6d4d8c138]
Event: 1.383 Thread 0x000001e6f0905580  864   !   3       java.io.BufferedWriter::flushBuffer (53 bytes)
Event: 1.383 Thread 0x000001e6f0905580 nmethod 864 0x000001e6d4d8c290 code [0x000001e6d4d8c480, 0x000001e6d4d8c978]
Event: 1.383 Thread 0x000001e6f0905580  868   !   3       java.io.BufferedWriter::write (117 bytes)
Event: 1.383 Thread 0x000001e6f0905580 nmethod 868 0x000001e6d4d8cb90 code [0x000001e6d4d8cd80, 0x000001e6d4d8d388]
Event: 1.383 Thread 0x000001e6f0905580  865       3       java.io.OutputStreamWriter::write (11 bytes)
Event: 1.384 Thread 0x000001e6f0905580 nmethod 865 0x000001e6d4d8d710 code [0x000001e6d4d8d8c0, 0x000001e6d4d8da28]
Event: 1.384 Thread 0x000001e6f0905580  867       3       java.io.Writer::write (11 bytes)
Event: 1.384 Thread 0x000001e6f0905580 nmethod 867 0x000001e6d4d8db10 code [0x000001e6d4d8dcc0, 0x000001e6d4d8dfa8]
Event: 1.384 Thread 0x000001e6f0905580  869       3       java.io.BufferedWriter::min (9 bytes)
Event: 1.384 Thread 0x000001e6f0905580 nmethod 869 0x000001e6d4d8e110 code [0x000001e6d4d8e2a0, 0x000001e6d4d8e418]
Event: 1.384 Thread 0x000001e6f0905580  870       3       sun.nio.cs.UTF_8::updatePositions (23 bytes)
Event: 1.384 Thread 0x000001e6f0905580 nmethod 870 0x000001e6d4d8e490 code [0x000001e6d4d8e660, 0x000001e6d4d8ea98]

GC Heap History (18 events):
Event: 0.972 GC heap before
{Heap before GC invocations=0 (full 0):
 garbage-first heap   total 262144K, used 22528K [0x0000000701400000, 0x0000000800000000)
  region size 2048K, 11 young (22528K), 0 survivors (0K)
 Metaspace       used 6225K, committed 6464K, reserved 1064960K
  class space    used 310K, committed 448K, reserved 1048576K
}
Event: 0.978 GC heap after
{Heap after GC invocations=1 (full 0):
 garbage-first heap   total 262144K, used 10493K [0x0000000701400000, 0x0000000800000000)
  region size 2048K, 2 young (4096K), 2 survivors (4096K)
 Metaspace       used 6225K, committed 6464K, reserved 1064960K
  class space    used 310K, committed 448K, reserved 1048576K
}
Event: 0.982 GC heap before
{Heap before GC invocations=1 (full 0):
 garbage-first heap   total 262144K, used 33021K [0x0000000701400000, 0x0000000800000000)
  region size 2048K, 13 young (26624K), 2 survivors (4096K)
 Metaspace       used 6227K, committed 6464K, reserved 1064960K
  class space    used 310K, committed 448K, reserved 1048576K
}
Event: 0.992 GC heap after
{Heap after GC invocations=2 (full 0):
 garbage-first heap   total 262144K, used 33402K [0x0000000701400000, 0x0000000800000000)
  region size 2048K, 2 young (4096K), 2 survivors (4096K)
 Metaspace       used 6227K, committed 6464K, reserved 1064960K
  class space    used 310K, committed 448K, reserved 1048576K
}
Event: 0.996 GC heap before
{Heap before GC invocations=2 (full 0):
 garbage-first heap   total 262144K, used 57978K [0x0000000701400000, 0x0000000800000000)
  region size 2048K, 14 young (28672K), 2 survivors (4096K)
 Metaspace       used 6227K, committed 6464K, reserved 1064960K
  class space    used 310K, committed 448K, reserved 1048576K
}
Event: 1.007 GC heap after
{Heap after GC invocations=3 (full 0):
 garbage-first heap   total 262144K, used 59172K [0x0000000701400000, 0x0000000800000000)
  region size 2048K, 2 young (4096K), 2 survivors (4096K)
 Metaspace       used 6227K, committed 6464K, reserved 1064960K
  class space    used 310K, committed 448K, reserved 1048576K
}
Event: 1.012 GC heap before
{Heap before GC invocations=3 (full 0):
 garbage-first heap   total 262144K, used 89892K [0x0000000701400000, 0x0000000800000000)
  region size 2048K, 17 young (34816K), 2 survivors (4096K)
 Metaspace       used 6227K, committed 6464K, reserved 1064960K
  class space    used 310K, committed 448K, reserved 1048576K
}
Event: 1.026 GC heap after
{Heap after GC invocations=4 (full 0):
 garbage-first heap   total 262144K, used 92160K [0x0000000701400000, 0x0000000800000000)
  region size 2048K, 3 young (6144K), 3 survivors (6144K)
 Metaspace       used 6227K, committed 6464K, reserved 1064960K
  class space    used 310K, committed 448K, reserved 1048576K
}
Event: 1.032 GC heap before
{Heap before GC invocations=4 (full 0):
 garbage-first heap   total 262144K, used 131072K [0x0000000701400000, 0x0000000800000000)
  region size 2048K, 22 young (45056K), 3 survivors (6144K)
 Metaspace       used 6227K, committed 6464K, reserved 1064960K
  class space    used 310K, committed 448K, reserved 1048576K
}
Event: 1.050 GC heap after
{Heap after GC invocations=5 (full 0):
 garbage-first heap   total 262144K, used 133120K [0x0000000701400000, 0x0000000800000000)
  region size 2048K, 3 young (6144K), 3 survivors (6144K)
 Metaspace       used 6227K, committed 6464K, reserved 1064960K
  class space    used 310K, committed 448K, reserved 1048576K
}
Event: 1.054 GC heap before
{Heap before GC invocations=5 (full 0):
 garbage-first heap   total 262144K, used 163840K [0x0000000701400000, 0x0000000800000000)
  region size 2048K, 18 young (36864K), 3 survivors (6144K)
 Metaspace       used 6228K, committed 6464K, reserved 1064960K
  class space    used 310K, committed 448K, reserved 1048576K
}
Event: 1.072 GC heap after
{Heap after GC invocations=6 (full 0):
 garbage-first heap   total 786432K, used 164864K [0x0000000701400000, 0x0000000800000000)
  region size 2048K, 3 young (6144K), 3 survivors (6144K)
 Metaspace       used 6228K, committed 6464K, reserved 1064960K
  class space    used 310K, committed 448K, reserved 1048576K
}
Event: 1.102 GC heap before
{Heap before GC invocations=6 (full 0):
 garbage-first heap   total 786432K, used 218112K [0x0000000701400000, 0x0000000800000000)
  region size 2048K, 29 young (59392K), 3 survivors (6144K)
 Metaspace       used 6233K, committed 6464K, reserved 1064960K
  class space    used 310K, committed 448K, reserved 1048576K
}
Event: 1.113 GC heap after
{Heap after GC invocations=7 (full 0):
 garbage-first heap   total 786432K, used 188416K [0x0000000701400000, 0x0000000800000000)
  region size 2048K, 4 young (8192K), 4 survivors (8192K)
 Metaspace       used 6233K, committed 6464K, reserved 1064960K
  class space    used 310K, committed 448K, reserved 1048576K
}
Event: 1.132 GC heap before
{Heap before GC invocations=7 (full 0):
 garbage-first heap   total 786432K, used 245760K [0x0000000701400000, 0x0000000800000000)
  region size 2048K, 32 young (65536K), 4 survivors (8192K)
 Metaspace       used 6364K, committed 6592K, reserved 1064960K
  class space    used 322K, committed 448K, reserved 1048576K
}
Event: 1.145 GC heap after
{Heap after GC invocations=8 (full 0):
 garbage-first heap   total 786432K, used 192097K [0x0000000701400000, 0x0000000800000000)
  region size 2048K, 2 young (4096K), 2 survivors (4096K)
 Metaspace       used 6364K, committed 6592K, reserved 1064960K
  class space    used 322K, committed 448K, reserved 1048576K
}
Event: 1.306 GC heap before
{Heap before GC invocations=9 (full 0):
 garbage-first heap   total 786432K, used 542305K [0x0000000701400000, 0x0000000800000000)
  region size 2048K, 173 young (354304K), 2 survivors (4096K)
 Metaspace       used 6364K, committed 6592K, reserved 1064960K
  class space    used 322K, committed 448K, reserved 1048576K
}
Event: 1.313 GC heap after
{Heap after GC invocations=10 (full 0):
 garbage-first heap   total 786432K, used 202690K [0x0000000701400000, 0x0000000800000000)
  region size 2048K, 7 young (14336K), 7 survivors (14336K)
 Metaspace       used 6364K, committed 6592K, reserved 1064960K
  class space    used 322K, committed 448K, reserved 1048576K
}

Deoptimization events (20 events):
Event: 0.587 Thread 0x000001e6cce4e7f0 Uncommon trap: trap_request=0xffffff54 fr.pc=0x000001e6dc1a1adc relative=0x000000000000005c
Event: 0.587 Thread 0x000001e6cce4e7f0 Uncommon trap: reason=speculate_null_assert action=make_not_entrant pc=0x000001e6dc1a1adc method=sun.misc.Unsafe.getLong(Ljava/lang/Object;J)J @ 5 c2
Event: 0.587 Thread 0x000001e6cce4e7f0 DEOPT PACKING pc=0x000001e6dc1a1adc sp=0x0000009da36ff1c0
Event: 0.587 Thread 0x000001e6cce4e7f0 DEOPT UNPACKING pc=0x000001e6d46f23a3 sp=0x0000009da36ff148 mode 2
Event: 0.654 Thread 0x000001e6cce4e7f0 Uncommon trap: trap_request=0xffffff45 fr.pc=0x000001e6dc1931b0 relative=0x00000000000004f0
Event: 0.654 Thread 0x000001e6cce4e7f0 Uncommon trap: reason=unstable_if action=reinterpret pc=0x000001e6dc1931b0 method=java.lang.AbstractStringBuilder.putStringAt(ILjava/lang/String;II)V @ 8 c2
Event: 0.654 Thread 0x000001e6cce4e7f0 DEOPT PACKING pc=0x000001e6dc1931b0 sp=0x0000009da36ff090
Event: 0.654 Thread 0x000001e6cce4e7f0 DEOPT UNPACKING pc=0x000001e6d46f23a3 sp=0x0000009da36fef18 mode 2
Event: 0.654 Thread 0x000001e6cce4e7f0 Uncommon trap: trap_request=0xffffff45 fr.pc=0x000001e6dc190a28 relative=0x00000000000004e8
Event: 0.654 Thread 0x000001e6cce4e7f0 Uncommon trap: reason=unstable_if action=reinterpret pc=0x000001e6dc190a28 method=java.lang.AbstractStringBuilder.putStringAt(ILjava/lang/String;II)V @ 8 c2
Event: 0.654 Thread 0x000001e6cce4e7f0 DEOPT PACKING pc=0x000001e6dc190a28 sp=0x0000009da36ff020
Event: 0.654 Thread 0x000001e6cce4e7f0 DEOPT UNPACKING pc=0x000001e6d46f23a3 sp=0x0000009da36fef10 mode 2
Event: 0.654 Thread 0x000001e6cce4e7f0 Uncommon trap: trap_request=0xffffff45 fr.pc=0x000001e6dc1861dc relative=0x000000000000005c
Event: 0.654 Thread 0x000001e6cce4e7f0 Uncommon trap: reason=unstable_if action=reinterpret pc=0x000001e6dc1861dc method=java.lang.AbstractStringBuilder.isLatin1()Z @ 10 c2
Event: 0.654 Thread 0x000001e6cce4e7f0 DEOPT PACKING pc=0x000001e6dc1861dc sp=0x0000009da36feeb0
Event: 0.654 Thread 0x000001e6cce4e7f0 DEOPT UNPACKING pc=0x000001e6d46f23a3 sp=0x0000009da36fee40 mode 2
Event: 1.346 Thread 0x000001e6cce4e7f0 Uncommon trap: trap_request=0xffffff45 fr.pc=0x000001e6dc1acc70 relative=0x0000000000000ef0
Event: 1.346 Thread 0x000001e6cce4e7f0 Uncommon trap: reason=unstable_if action=reinterpret pc=0x000001e6dc1acc70 method=ca.benbingham.game.planetstructure.Block.setNeighbours([[[Lca/benbingham/game/planetstructure/Block;Lca/benbingham/game/planetstructure/Block;Lca/benbingham/game/planetstruc
Event: 1.346 Thread 0x000001e6cce4e7f0 DEOPT PACKING pc=0x000001e6dc1acc70 sp=0x0000009da36ff410
Event: 1.346 Thread 0x000001e6cce4e7f0 DEOPT UNPACKING pc=0x000001e6d46f23a3 sp=0x0000009da36ff3a8 mode 2

Classes unloaded (0 events):
No events

Classes redefined (0 events):
No events

Internal exceptions (20 events):
Event: 0.256 Thread 0x000001e6cce4e7f0 Exception <a 'java/lang/NoSuchMethodError'{0x0000000710a34220}: 'void java.lang.invoke.DirectMethodHandle$Holder.invokeSpecial(java.lang.Object, java.lang.Object, java.lang.Object)'> (0x0000000710a34220) 
thrown [t:\workspace\open\src\hotspot\share\interpreter\linkResolver.cpp, line 766]
Event: 0.258 Thread 0x000001e6cce4e7f0 Exception <a 'java/lang/NoSuchMethodError'{0x0000000710a46f80}: 'java.lang.Object java.lang.invoke.DirectMethodHandle$Holder.invokeStatic(java.lang.Object, java.lang.Object, int)'> (0x0000000710a46f80) 
thrown [t:\workspace\open\src\hotspot\share\interpreter\linkResolver.cpp, line 766]
Event: 0.259 Thread 0x000001e6cce4e7f0 Exception <a 'java/lang/NoSuchMethodError'{0x0000000710a52cf0}: 'void java.lang.invoke.DelegatingMethodHandle$Holder.delegate(java.lang.Object, java.lang.Object, int, java.lang.Object)'> (0x0000000710a52cf0) 
thrown [t:\workspace\open\src\hotspot\share\interpreter\linkResolver.cpp, line 766]
Event: 0.259 Thread 0x000001e6cce4e7f0 Exception <a 'java/lang/NoSuchMethodError'{0x0000000710a56d28}: 'int java.lang.invoke.DirectMethodHandle$Holder.invokeSpecial(java.lang.Object, java.lang.Object, java.lang.Object)'> (0x0000000710a56d28) 
thrown [t:\workspace\open\src\hotspot\share\interpreter\linkResolver.cpp, line 766]
Event: 0.284 Thread 0x000001e6cce4e7f0 Exception <a 'sun/nio/fs/WindowsException'{0x0000000710ab65e8}> (0x0000000710ab65e8) 
thrown [t:\workspace\open\src\hotspot\share\prims\jni.cpp, line 516]
Event: 0.284 Thread 0x000001e6cce4e7f0 Exception <a 'sun/nio/fs/WindowsException'{0x0000000710ab6b28}> (0x0000000710ab6b28) 
thrown [t:\workspace\open\src\hotspot\share\prims\jni.cpp, line 516]
Event: 0.294 Thread 0x000001e6cce4e7f0 Exception <a 'java/lang/NoSuchMethodError'{0x0000000710addff8}: 'int java.lang.invoke.DirectMethodHandle$Holder.invokeStaticInit(java.lang.Object, java.lang.Object, int, long)'> (0x0000000710addff8) 
thrown [t:\workspace\open\src\hotspot\share\interpreter\linkResolver.cpp, line 766]
Event: 0.294 Thread 0x000001e6cce4e7f0 Exception <a 'java/lang/NoSuchMethodError'{0x0000000710ae38c0}: 'java.lang.Object java.lang.invoke.DirectMethodHandle$Holder.newInvokeSpecial(java.lang.Object, java.lang.Object, int)'> (0x0000000710ae38c0) 
thrown [t:\workspace\open\src\hotspot\share\interpreter\linkResolver.cpp, line 766]
Event: 0.296 Thread 0x000001e6cce4e7f0 Exception <a 'java/lang/NoSuchMethodError'{0x0000000710af22f0}: 'int java.lang.invoke.DirectMethodHandle$Holder.invokeStaticInit(java.lang.Object, java.lang.Object, long, long)'> (0x0000000710af22f0) 
thrown [t:\workspace\open\src\hotspot\share\interpreter\linkResolver.cpp, line 766]
Event: 0.296 Thread 0x000001e6cce4e7f0 Exception <a 'java/lang/NoSuchMethodError'{0x0000000710af8400}: 'java.lang.Object java.lang.invoke.DirectMethodHandle$Holder.newInvokeSpecial(java.lang.Object, java.lang.Object, long)'> (0x0000000710af8400) 
thrown [t:\workspace\open\src\hotspot\share\interpreter\linkResolver.cpp, line 766]
Event: 0.297 Thread 0x000001e6cce4e7f0 Exception <a 'java/lang/NoSuchMethodError'{0x0000000710afc448}: 'java.lang.Object java.lang.invoke.Invokers$Holder.linkToTargetMethod(java.lang.Object, long, java.lang.Object)'> (0x0000000710afc448) 
thrown [t:\workspace\open\src\hotspot\share\interpreter\linkResolver.cpp, line 766]
Event: 0.298 Thread 0x000001e6cce4e7f0 Exception <a 'java/lang/NoSuchMethodError'{0x0000000710b03b60}: 'int java.lang.invoke.DirectMethodHandle$Holder.invokeStaticInit(java.lang.Object, java.lang.Object, java.lang.Object, long)'> (0x0000000710b03b60) 
thrown [t:\workspace\open\src\hotspot\share\interpreter\linkResolver.cpp, line 766]
Event: 0.315 Thread 0x000001e6cce4e7f0 Exception <a 'sun/nio/fs/WindowsException'{0x0000000710ba8188}> (0x0000000710ba8188) 
thrown [t:\workspace\open\src\hotspot\share\prims\jni.cpp, line 516]
Event: 0.315 Thread 0x000001e6cce4e7f0 Exception <a 'sun/nio/fs/WindowsException'{0x0000000710ba84e0}> (0x0000000710ba84e0) 
thrown [t:\workspace\open\src\hotspot\share\prims\jni.cpp, line 516]
Event: 0.574 Thread 0x000001e6cce4e7f0 Exception <a 'sun/nio/fs/WindowsException'{0x0000000710824a00}> (0x0000000710824a00) 
thrown [t:\workspace\open\src\hotspot\share\prims\jni.cpp, line 516]
Event: 0.574 Thread 0x000001e6cce4e7f0 Exception <a 'sun/nio/fs/WindowsException'{0x0000000710824d90}> (0x0000000710824d90) 
thrown [t:\workspace\open\src\hotspot\share\prims\jni.cpp, line 516]
Event: 0.578 Thread 0x000001e6cce4e7f0 Exception <a 'sun/nio/fs/WindowsException'{0x000000071082d170}> (0x000000071082d170) 
thrown [t:\workspace\open\src\hotspot\share\prims\jni.cpp, line 516]
Event: 0.578 Thread 0x000001e6cce4e7f0 Exception <a 'sun/nio/fs/WindowsException'{0x000000071082d440}> (0x000000071082d440) 
thrown [t:\workspace\open\src\hotspot\share\prims\jni.cpp, line 516]
Event: 0.680 Thread 0x000001e6cce4e7f0 Exception <a 'sun/nio/fs/WindowsException'{0x00000007107a95f8}> (0x00000007107a95f8) 
thrown [t:\workspace\open\src\hotspot\share\prims\jni.cpp, line 516]
Event: 0.680 Thread 0x000001e6cce4e7f0 Exception <a 'sun/nio/fs/WindowsException'{0x00000007107a9968}> (0x00000007107a9968) 
thrown [t:\workspace\open\src\hotspot\share\prims\jni.cpp, line 516]

VM Operations (20 events):
Event: 0.982 Executing VM operation: G1CollectForAllocation
Event: 0.992 Executing VM operation: G1CollectForAllocation done
Event: 0.996 Executing VM operation: G1CollectForAllocation
Event: 1.007 Executing VM operation: G1CollectForAllocation done
Event: 1.012 Executing VM operation: G1CollectForAllocation
Event: 1.026 Executing VM operation: G1CollectForAllocation done
Event: 1.032 Executing VM operation: G1CollectForAllocation
Event: 1.050 Executing VM operation: G1CollectForAllocation done
Event: 1.054 Executing VM operation: G1CollectForAllocation
Event: 1.072 Executing VM operation: G1CollectForAllocation done
Event: 1.101 Executing VM operation: G1CollectForAllocation
Event: 1.113 Executing VM operation: G1CollectForAllocation done
Event: 1.131 Executing VM operation: G1CollectForAllocation
Event: 1.145 Executing VM operation: G1CollectForAllocation done
Event: 1.177 Executing VM operation: G1Concurrent
Event: 1.177 Executing VM operation: G1Concurrent done
Event: 1.228 Executing VM operation: G1Concurrent
Event: 1.228 Executing VM operation: G1Concurrent done
Event: 1.306 Executing VM operation: G1CollectForAllocation
Event: 1.313 Executing VM operation: G1CollectForAllocation done

Events (20 events):
Event: 1.122 loading class sun/util/locale/provider/BaseLocaleDataMetaInfo
Event: 1.122 loading class sun/util/locale/provider/BaseLocaleDataMetaInfo done
Event: 1.123 loading class sun/util/resources/cldr/TimeZoneNames
Event: 1.123 loading class sun/util/resources/TimeZoneNamesBundle
Event: 1.123 loading class sun/util/resources/OpenListResourceBundle
Event: 1.123 loading class sun/util/resources/OpenListResourceBundle done
Event: 1.123 loading class sun/util/resources/TimeZoneNamesBundle done
Event: 1.123 loading class sun/util/resources/cldr/TimeZoneNames done
Event: 1.123 loading class sun/util/resources/cldr/TimeZoneNames_en
Event: 1.124 loading class sun/util/resources/cldr/TimeZoneNames_en done
Event: 1.124 loading class sun/util/resources/cldr/TimeZoneNames_en_US
Event: 1.124 loading class sun/util/resources/cldr/TimeZoneNames_en_US done
Event: 1.125 loading class java/util/LinkedHashMap$LinkedKeySet
Event: 1.125 loading class java/util/LinkedHashMap$LinkedKeySet done
Event: 1.338 Thread 0x000001e6f7eb8690 Thread exited: 0x000001e6f7eb8690
Event: 1.355 loading class java/lang/NumberFormatException
Event: 1.355 loading class java/lang/NumberFormatException done
Event: 1.375 Thread 0x000001e6f0c05940 Thread added: 0x000001e6f0c05940
Event: 1.380 loading class java/lang/StrictMath
Event: 1.380 loading class java/lang/StrictMath done


Dynamic libraries:
0x00007ff6239e0000 - 0x00007ff6239ee000 	C:\Users\Ben\.jdks\openjdk-17.0.2\bin\java.exe
0x00007ffbb1530000 - 0x00007ffbb1725000 	C:\Windows\SYSTEM32\ntdll.dll
0x00007ffbaf860000 - 0x00007ffbaf91e000 	C:\Windows\System32\KERNEL32.DLL
0x00007ffbaeff0000 - 0x00007ffbaf2b8000 	C:\Windows\System32\KERNELBASE.dll
0x00007ffbaf2c0000 - 0x00007ffbaf3c0000 	C:\Windows\System32\ucrtbase.dll
0x00007ffba9da0000 - 0x00007ffba9dba000 	C:\Users\Ben\.jdks\openjdk-17.0.2\bin\VCRUNTIME140.dll
0x00007ffbab440000 - 0x00007ffbab458000 	C:\Users\Ben\.jdks\openjdk-17.0.2\bin\jli.dll
0x00007ffbafdd0000 - 0x00007ffbaff70000 	C:\Windows\System32\USER32.dll
0x00007ffba5a30000 - 0x00007ffba5cca000 	C:\Windows\WinSxS\amd64_microsoft.windows.common-controls_6595b64144ccf1df_6.0.19041.1110_none_60b5254171f9507e\COMCTL32.dll
0x00007ffbaf3c0000 - 0x00007ffbaf3e2000 	C:\Windows\System32\win32u.dll
0x00007ffbaff70000 - 0x00007ffbb000e000 	C:\Windows\System32\msvcrt.dll
0x00007ffbafa40000 - 0x00007ffbafa6b000 	C:\Windows\System32\GDI32.dll
0x00007ffbaf480000 - 0x00007ffbaf58b000 	C:\Windows\System32\gdi32full.dll
0x00007ffbaef50000 - 0x00007ffbaefed000 	C:\Windows\System32\msvcp_win.dll
0x00007ffbb0a60000 - 0x00007ffbb0a90000 	C:\Windows\System32\IMM32.DLL
0x00007ffbaa440000 - 0x00007ffbaa44c000 	C:\Users\Ben\.jdks\openjdk-17.0.2\bin\vcruntime140_1.dll
0x00007ffba2450000 - 0x00007ffba24dd000 	C:\Users\Ben\.jdks\openjdk-17.0.2\bin\msvcp140.dll
0x00007ffb5de40000 - 0x00007ffb5ea01000 	C:\Users\Ben\.jdks\openjdk-17.0.2\bin\server\jvm.dll
0x00007ffbb12c0000 - 0x00007ffbb136e000 	C:\Windows\System32\ADVAPI32.dll
0x00007ffbaf590000 - 0x00007ffbaf62c000 	C:\Windows\System32\sechost.dll
0x00007ffbaf630000 - 0x00007ffbaf755000 	C:\Windows\System32\RPCRT4.dll
0x00007ffbaf840000 - 0x00007ffbaf848000 	C:\Windows\System32\PSAPI.DLL
0x00007ffba8550000 - 0x00007ffba855a000 	C:\Windows\SYSTEM32\VERSION.dll
0x00007ffb7e480000 - 0x00007ffb7e489000 	C:\Windows\SYSTEM32\WSOCK32.dll
0x00007ffba1df0000 - 0x00007ffba1e17000 	C:\Windows\SYSTEM32\WINMM.dll
0x00007ffbb11c0000 - 0x00007ffbb122b000 	C:\Windows\System32\WS2_32.dll
0x00007ffbad510000 - 0x00007ffbad522000 	C:\Windows\SYSTEM32\kernel.appcore.dll
0x00007ffba9b10000 - 0x00007ffba9b1a000 	C:\Users\Ben\.jdks\openjdk-17.0.2\bin\jimage.dll
0x00007ffbad180000 - 0x00007ffbad364000 	C:\Windows\SYSTEM32\DBGHELP.DLL
0x00007ffb9bd20000 - 0x00007ffb9bd4c000 	C:\Windows\SYSTEM32\dbgcore.DLL
0x00007ffbaf3f0000 - 0x00007ffbaf472000 	C:\Windows\System32\bcryptPrimitives.dll
0x00007ffba9b00000 - 0x00007ffba9b0e000 	C:\Users\Ben\.jdks\openjdk-17.0.2\bin\instrument.dll
0x00007ffba2990000 - 0x00007ffba29b5000 	C:\Users\Ben\.jdks\openjdk-17.0.2\bin\java.dll
0x00007ffb87c90000 - 0x00007ffb87d66000 	C:\Users\Ben\.jdks\openjdk-17.0.2\bin\jsvml.dll
0x00007ffbb0010000 - 0x00007ffbb0754000 	C:\Windows\System32\SHELL32.dll
0x00007ffbac920000 - 0x00007ffbad0b4000 	C:\Windows\SYSTEM32\windows.storage.dll
0x00007ffbafa70000 - 0x00007ffbafdc4000 	C:\Windows\System32\combase.dll
0x00007ffbae6b0000 - 0x00007ffbae6dc000 	C:\Windows\SYSTEM32\Wldp.dll
0x00007ffbaf920000 - 0x00007ffbaf9cd000 	C:\Windows\System32\SHCORE.dll
0x00007ffbaf9d0000 - 0x00007ffbafa25000 	C:\Windows\System32\shlwapi.dll
0x00007ffbaeb90000 - 0x00007ffbaebaf000 	C:\Windows\SYSTEM32\profapi.dll
0x00007ffba24f0000 - 0x00007ffba2508000 	C:\Users\Ben\.jdks\openjdk-17.0.2\bin\zip.dll
0x00007ffba2970000 - 0x00007ffba2989000 	C:\Users\Ben\.jdks\openjdk-17.0.2\bin\net.dll
0x00007ffba6290000 - 0x00007ffba6399000 	C:\Windows\SYSTEM32\WINHTTP.dll
0x00007ffbae410000 - 0x00007ffbae47a000 	C:\Windows\system32\mswsock.dll
0x00007ffba2730000 - 0x00007ffba2746000 	C:\Users\Ben\.jdks\openjdk-17.0.2\bin\nio.dll
0x00007ffba2430000 - 0x00007ffba244a000 	C:\Program Files\JetBrains\IntelliJ IDEA Community Edition 2021.2\bin\breakgen64.dll
0x00007ffba4520000 - 0x00007ffba4530000 	C:\Users\Ben\.jdks\openjdk-17.0.2\bin\verify.dll
0x00007ffb97e70000 - 0x00007ffb97ee1000 	C:\Users\Ben\AppData\Local\Temp\lwjglBen\3.3.0-build-21\lwjgl.dll
0x00007ffba23c0000 - 0x00007ffba2421000 	C:\Users\Ben\AppData\Local\Temp\lwjglBen\3.3.0-build-21\glfw.dll
0x00007ffb97f40000 - 0x00007ffb97f85000 	C:\Windows\SYSTEM32\dinput8.dll
0x00007ffb888d0000 - 0x00007ffb888e1000 	C:\Windows\SYSTEM32\xinput1_4.dll
0x00007ffbaed00000 - 0x00007ffbaed4e000 	C:\Windows\System32\cfgmgr32.dll
0x00007ffbae9f0000 - 0x00007ffbaea23000 	C:\Windows\SYSTEM32\DEVOBJ.dll
0x00007ffbac450000 - 0x00007ffbac47f000 	C:\Windows\SYSTEM32\dwmapi.dll
0x00007ffb9e600000 - 0x00007ffb9e752000 	C:\Windows\SYSTEM32\inputhost.dll
0x00007ffbb0970000 - 0x00007ffbb0a3d000 	C:\Windows\System32\OLEAUT32.dll
0x00007ffba9c40000 - 0x00007ffba9d36000 	C:\Windows\SYSTEM32\PROPSYS.dll
0x00007ffbaa600000 - 0x00007ffbaa754000 	C:\Windows\SYSTEM32\wintypes.dll
0x00007ffbabe30000 - 0x00007ffbabf22000 	C:\Windows\SYSTEM32\CoreMessaging.dll
0x00007ffbab750000 - 0x00007ffbabaae000 	C:\Windows\SYSTEM32\CoreUIComponents.dll
0x00007ffbad950000 - 0x00007ffbad983000 	C:\Windows\SYSTEM32\ntmarta.dll
0x00007ffbac1c0000 - 0x00007ffbac25e000 	C:\Windows\system32\uxtheme.dll
0x00007ffbb13d0000 - 0x00007ffbb14e6000 	C:\Windows\System32\MSCTF.dll
0x00007ffb98c10000 - 0x00007ffb98d36000 	C:\Windows\SYSTEM32\opengl32.dll
0x00007ffba4280000 - 0x00007ffba42ac000 	C:\Windows\SYSTEM32\GLU32.dll
0x00007ffbb0a90000 - 0x00007ffbb0b39000 	C:\Windows\System32\clbcatq.dll
0x00007ffb4b690000 - 0x00007ffb4e6b7000 	C:\Windows\System32\DriverStore\FileRepository\nv_dispi.inf_amd64_31a2adf8c49e7799\nvoglv64.dll
0x00007ffbb0b40000 - 0x00007ffbb0fb0000 	C:\Windows\System32\SETUPAPI.dll
0x00007ffbaedc0000 - 0x00007ffbaede7000 	C:\Windows\System32\bcrypt.dll
0x00007ffbb0840000 - 0x00007ffbb096a000 	C:\Windows\System32\ole32.dll
0x00007ffba9ea0000 - 0x00007ffba9eb4000 	C:\Windows\SYSTEM32\WTSAPI32.dll
0x00007ffbae620000 - 0x00007ffbae62c000 	C:\Windows\SYSTEM32\CRYPTBASE.DLL
0x00007ffbae830000 - 0x00007ffbae842000 	C:\Windows\SYSTEM32\msasn1.dll
0x00007ffba8510000 - 0x00007ffba8541000 	C:\Windows\SYSTEM32\cryptnet.dll
0x00007ffbaedf0000 - 0x00007ffbaef46000 	C:\Windows\System32\CRYPT32.dll
0x00007ffba74c0000 - 0x00007ffba7608000 	C:\Windows\SYSTEM32\drvstore.dll
0x00007ffbaed50000 - 0x00007ffbaedb8000 	C:\Windows\System32\WINTRUST.dll
0x00007ffba1720000 - 0x00007ffba175b000 	C:\Windows\SYSTEM32\dxcore.dll
0x00007ffb63f20000 - 0x00007ffb641e5000 	C:\Windows\system32\nvspcap64.dll
0x00007ffbae220000 - 0x00007ffbae26b000 	C:\Windows\SYSTEM32\powrprof.dll
0x00007ffbae090000 - 0x00007ffbae0a2000 	C:\Windows\SYSTEM32\UMPDC.dll
0x00007ffbad9c0000 - 0x00007ffbada1a000 	C:\Windows\SYSTEM32\WINSTA.dll
0x00007ffb9e500000 - 0x00007ffb9e5f9000 	C:\Windows\SYSTEM32\textinputframework.dll
0x00007ffb8edc0000 - 0x00007ffb8ee1d000 	C:\Users\Ben\AppData\Local\Temp\lwjglBen\3.3.0-build-21\lwjgl_opengl.dll
0x00007ffb87c00000 - 0x00007ffb87c81000 	C:\Users\Ben\AppData\Local\Temp\lwjglBen\3.3.0-build-21\lwjgl_stb.dll

dbghelp: loaded successfully - version: 4.0.5 - missing functions: none
symbol engine: initialized successfully - sym options: 0x614 - pdb path: .;C:\Users\Ben\.jdks\openjdk-17.0.2\bin;C:\Windows\SYSTEM32;C:\Windows\WinSxS\amd64_microsoft.windows.common-controls_6595b64144ccf1df_6.0.19041.1110_none_60b5254171f9507e;C:\Users\Ben\.jdks\openjdk-17.0.2\bin\server;C:\Program Files\JetBrains\IntelliJ IDEA Community Edition 2021.2\bin;C:\Users\Ben\AppData\Local\Temp\lwjglBen\3.3.0-build-21;C:\Windows\System32\DriverStore\FileRepository\nv_dispi.inf_amd64_31a2adf8c49e7799

VM Arguments:
jvm_args: -javaagent:C:\Program Files\JetBrains\IntelliJ IDEA Community Edition 2021.2\lib\idea_rt.jar=56876:C:\Program Files\JetBrains\IntelliJ IDEA Community Edition 2021.2\bin -Dfile.encoding=UTF-8 
java_command: ca.benbingham.game.gameclasses.Main
java_class_path (initial): C:\Users\Ben\Documents\GitHub\Nebula\out\production\Nebula;C:\Users\Ben\Documents\Java Librarys\LWJGL\lwjgl.jar;C:\Users\Ben\Documents\Java Librarys\LWJGL\lwjgl-par.jar;C:\Users\Ben\Documents\Java Librarys\LWJGL\lwjgl-stb.jar;C:\Users\Ben\Documents\Java Librarys\LWJGL\lwjgl-bgfx.jar;C:\Users\Ben\Documents\Java Librarys\LWJGL\lwjgl-glfw.jar;C:\Users\Ben\Documents\Java Librarys\LWJGL\lwjgl-assimp.jar;C:\Users\Ben\Documents\Java Librarys\LWJGL\lwjgl-nanovg.jar;C:\Users\Ben\Documents\Java Librarys\LWJGL\lwjgl-openal.jar;C:\Users\Ben\Documents\Java Librarys\LWJGL\lwjgl-opengl.jar;C:\Users\Ben\Documents\Java Librarys\LWJGL\lwjgl-vulkan.jar;C:\Users\Ben\Documents\Java Librarys\LWJGL\lwjgl-nuklear.jar;C:\Users\Ben\Documents\Java Librarys\LWJGL\lwjgl-natives-windows.jar;C:\Users\Ben\Documents\Java Librarys\LWJGL\lwjgl-par-natives-windows.jar;C:\Users\Ben\Documents\Java Librarys\LWJGL\lwjgl-stb-natives-windows.jar;C:\Users\Ben\Documents\Java Librarys\LWJGL\lwjgl-bgfx-natives-windows.jar;C:\Users\Ben\Documents\Java Librarys\LWJGL\lwjgl-glfw-natives-windows.jar;C:\Users\Ben\Documents\Java Librarys\LWJGL\lwjgl-assimp-natives-windows.jar;C:\Users\Ben\Documents\Java Librarys\LWJGL\lwjgl-nanovg-natives-windows.jar;C:\Users\Ben\Documents\Java Librarys\LWJGL\lwjgl-openal-natives-windows.jar;C:\Users\Ben\Documents\Java Librarys\LWJGL\lwjgl-opengl-natives-windows.jar;C:\Users\Ben\Documents\Java Librarys\LWJGL\lwjgl-nuklear-natives-windows.jar;C:\Users\Ben\Documents\Java Librarys\JOML (Java OpenGL Math Library)\joml-1.10.3.jar
Launcher Type: SUN_STANDARD

[Global flags]
     intx CICompilerCount                          = 4                                         {product} {ergonomic}
     uint ConcGCThreads                            = 3                                         {product} {ergonomic}
     uint G1ConcRefinementThreads                  = 10                                        {product} {ergonomic}
   size_t G1HeapRegionSize                         = 2097152                                   {product} {ergonomic}
    uintx GCDrainStackTargetSize                   = 64                                        {product} {ergonomic}
   size_t InitialHeapSize                          = 268435456                                 {product} {ergonomic}
   size_t MarkStackSize                            = 4194304                                   {product} {ergonomic}
   size_t MaxHeapSize                              = 4273995776                                {product} {ergonomic}
   size_t MaxNewSize                               = 2562719744                                {product} {ergonomic}
   size_t MinHeapDeltaBytes                        = 2097152                                   {product} {ergonomic}
   size_t MinHeapSize                              = 8388608                                   {product} {ergonomic}
    uintx NonNMethodCodeHeapSize                   = 5839372                                {pd product} {ergonomic}
    uintx NonProfiledCodeHeapSize                  = 122909434                              {pd product} {ergonomic}
    uintx ProfiledCodeHeapSize                     = 122909434                              {pd product} {ergonomic}
    uintx ReservedCodeCacheSize                    = 251658240                              {pd product} {ergonomic}
     bool SegmentedCodeCache                       = true                                      {product} {ergonomic}
   size_t SoftMaxHeapSize                          = 4273995776                             {manageable} {ergonomic}
     bool UseCompressedClassPointers               = true                           {product lp64_product} {ergonomic}
     bool UseCompressedOops                        = true                           {product lp64_product} {ergonomic}
     bool UseG1GC                                  = true                                      {product} {ergonomic}
     bool UseLargePagesIndividualAllocation        = false                                  {pd product} {ergonomic}

Logging:
Log output configuration:
 #0: stdout all=warning uptime,level,tags
 #1: stderr all=off uptime,level,tags

Environment Variables:
JAVA_HOME=C:\Program Files\Java\jdk-16.0.2
PATH=C:\Program Files\Common Files\Oracle\Java\javapath;C:\Program Files\Eclipse Foundation\jdk-8.0.302.8-hotspot\bin;C:\Program Files (x86)\Common Files\Oracle\Java\javapath;C:\Windows\system32;C:\Windows;C:\Windows\System32\Wbem;C:\Windows\System32\WindowsPowerShell\v1.0\;C:\Windows\System32\OpenSSH\;C:\Program Files\NVIDIA Corporation\NVIDIA NvDLISR;C:\Program Files (x86)\NVIDIA Corporation\PhysX\Common;C:\Program Files\dotnet\;C:\Program Files\CMake\bin;C:\Program Files (x86)\GtkSharp\2.12\bin;C:\Gradle\gradle-5.6.4\bin;C:\Program Files\nodejs\;C:\Program Files\Git\cmd;C:\msys64\mingw64\bin;C:\Users\Ben\AppData\Local\Programs\Python\Python310\Scripts\;C:\Users\Ben\AppData\Local\Programs\Python\Python310\;C:\Users\Ben\AppData\Local\Microsoft\WindowsApps;C:\Users\Ben\.dotnet\tools;C:\Users\Ben\AppData\Local\Programs\Microsoft VS Code\bin;C:\ffmpeg\bin;C:\Users\Ben\AppData\Roaming\npm;C:\Program Files\Java\jdk-16.0.2\bin;C:\Users\Ben\AppData\Local\GitHubDesktop\bin;C:\Users\Ben\apache-maven-3.8.4\bin;
USERNAME=Ben
OS=Windows_NT
PROCESSOR_IDENTIFIER=AMD64 Family 23 Model 113 Stepping 0, AuthenticAMD



---------------  S Y S T E M  ---------------

OS:
 Windows 10 , 64 bit Build 19041 (10.0.19041.1566)
OS uptime: 6 days 6:04 hours

CPU: total 12 (initial active 12) (12 cores per cpu, 2 threads per core) family 23 model 113 stepping 0 microcode 0x0, cx8, cmov, fxsr, ht, mmx, 3dnowpref, sse, sse2, sse3, ssse3, sse4a, sse4.1, sse4.2, popcnt, lzcnt, tsc, tscinvbit, avx, avx2, aes, clmul, bmi1, bmi2, adx, sha, fma, vzeroupper, clflush, clflushopt

Memory: 4k page, system-wide physical 16302M (8192M free)
TotalPageFile size 27054M (AvailPageFile size 11845M)
current process WorkingSet (physical memory assigned to process): 718M, peak: 718M
current process commit charge ("private bytes"): 1074M, peak: 1075M

vm_info: OpenJDK 64-Bit Server VM (17.0.2+8-86) for windows-amd64 JRE (17.0.2+8-86), built on Dec  7 2021 21:49:10 by "mach5one" with MS VC++ 16.8 / 16.9 (VS2019)

END.
